[0m[[0m[0mdebug[0m] [0m[0m> Exec(testOnly PipedRVSpec, None, None)[0m
[0m[[0m[0mdebug[0m] [0m[0mEvaluating tasks: Test / testOnly[0m
[0m[[0m[0mdebug[0m] [0m[0mRunning task... Cancel: Signal, check cycles: false, forcegc: true[0m
[0m[[0m[0minfo[0m] [0m[0mcompiling 1 Scala source to /Users/farfar/Desktop/PipeRV/target/scala-2.12/classes ...[0m
[0m[[0m[0minfo[0m] [0m[0mdone compiling[0m
[0m[[0m[0minfo[0m] [0m[0m[32mPipedRVSpec:[0m[0m
[0m[[0m[0minfo[0m] [0m[0m[32mPipedRV addlarge[0m[0m
[0m[[0m[0minfo[0m] [0m[0m[31m- should pass *** FAILED ***[0m[0m
[0m[[0m[0minfo[0m] [0m[0m[31m  chisel3.internal.ChiselException: Exception thrown when elaborating ChiselGeneratorAnnotation[0m[0m
[0m[[0m[0minfo[0m] [0m[0m[31m  at chisel3.stage.ChiselGeneratorAnnotation.elaborate(ChiselAnnotations.scala:65)[0m[0m
[0m[[0m[0minfo[0m] [0m[0m[31m  at chisel3.stage.phases.Elaborate.$anonfun$transform$1(Elaborate.scala:24)[0m[0m
[0m[[0m[0minfo[0m] [0m[0m[31m  at scala.collection.immutable.List.flatMap(List.scala:366)[0m[0m
[0m[[0m[0minfo[0m] [0m[0m[31m  at chisel3.stage.phases.Elaborate.transform(Elaborate.scala:23)[0m[0m
[0m[[0m[0minfo[0m] [0m[0m[31m  at chisel3.iotesters.setupTreadleBackend$.apply(TreadleBackend.scala:148)[0m[0m
[0m[[0m[0minfo[0m] [0m[0m[31m  at chisel3.iotesters.Driver$.$anonfun$execute$2(Driver.scala:54)[0m[0m
[0m[[0m[0minfo[0m] [0m[0m[31m  at scala.runtime.java8.JFunction0$mcZ$sp.apply(JFunction0$mcZ$sp.java:23)[0m[0m
[0m[[0m[0minfo[0m] [0m[0m[31m  at logger.Logger$.$anonfun$makeScope$2(Logger.scala:166)[0m[0m
[0m[[0m[0minfo[0m] [0m[0m[31m  at scala.util.DynamicVariable.withValue(DynamicVariable.scala:62)[0m[0m
[0m[[0m[0minfo[0m] [0m[0m[31m  at logger.Logger$.makeScope(Logger.scala:164)[0m[0m
[0m[[0m[0minfo[0m] [0m[0m[31m  ...[0m[0m
[0m[[0m[0minfo[0m] [0m[0m[31m  Cause: java.lang.NullPointerException:[0m[0m
[0m[[0m[0minfo[0m] [0m[0m[31m  at cpu.CPU.$anonfun$new$23(CPU.scala:138)[0m[0m
[0m[[0m[0minfo[0m] [0m[0m[31m  at chisel3.Data.$anonfun$$colon$eq$1(Data.scala:524)[0m[0m
[0m[[0m[0minfo[0m] [0m[0m[31m  at scala.runtime.java8.JFunction0$mcV$sp.apply(JFunction0$mcV$sp.java:23)[0m[0m
[0m[[0m[0minfo[0m] [0m[0m[31m  at chisel3.internal.prefix$.apply(prefix.scala:32)[0m[0m
[0m[[0m[0minfo[0m] [0m[0m[31m  at chisel3.Data.$colon$eq(Data.scala:524)[0m[0m
[0m[[0m[0minfo[0m] [0m[0m[31m  at cpu.CPU.$anonfun$new$22(CPU.scala:138)[0m[0m
[0m[[0m[0minfo[0m] [0m[0m[31m  at scala.runtime.java8.JFunction0$mcV$sp.apply(JFunction0$mcV$sp.java:23)[0m[0m
[0m[[0m[0minfo[0m] [0m[0m[31m  at chisel3.WhenContext.<init>(When.scala:80)[0m[0m
[0m[[0m[0minfo[0m] [0m[0m[31m  at chisel3.when$.apply(When.scala:32)[0m[0m
[0m[[0m[0minfo[0m] [0m[0m[31m  at cpu.CPU.$anonfun$new$15(CPU.scala:137)[0m[0m
[0m[[0m[0minfo[0m] [0m[0m[31m  ...[0m[0m
[0m[[0m[0minfo[0m] [0m[0m[32mPipedRV addneg[0m[0m
[0m[[0m[0minfo[0m] [0m[0m[31m- should pass *** FAILED ***[0m[0m
[0m[[0m[0minfo[0m] [0m[0m[31m  chisel3.internal.ChiselException: Exception thrown when elaborating ChiselGeneratorAnnotation[0m[0m
[0m[[0m[0minfo[0m] [0m[0m[31m  at chisel3.stage.ChiselGeneratorAnnotation.elaborate(ChiselAnnotations.scala:65)[0m[0m
[0m[[0m[0minfo[0m] [0m[0m[31m  at chisel3.stage.phases.Elaborate.$anonfun$transform$1(Elaborate.scala:24)[0m[0m
[0m[[0m[0minfo[0m] [0m[0m[31m  at scala.collection.immutable.List.flatMap(List.scala:366)[0m[0m
[0m[[0m[0minfo[0m] [0m[0m[31m  at chisel3.stage.phases.Elaborate.transform(Elaborate.scala:23)[0m[0m
[0m[[0m[0minfo[0m] [0m[0m[31m  at chisel3.iotesters.setupTreadleBackend$.apply(TreadleBackend.scala:148)[0m[0m
[0m[[0m[0minfo[0m] [0m[0m[31m  at chisel3.iotesters.Driver$.$anonfun$execute$2(Driver.scala:54)[0m[0m
[0m[[0m[0minfo[0m] [0m[0m[31m  at scala.runtime.java8.JFunction0$mcZ$sp.apply(JFunction0$mcZ$sp.java:23)[0m[0m
[0m[[0m[0minfo[0m] [0m[0m[31m  at logger.Logger$.$anonfun$makeScope$2(Logger.scala:166)[0m[0m
[0m[[0m[0minfo[0m] [0m[0m[31m  at scala.util.DynamicVariable.withValue(DynamicVariable.scala:62)[0m[0m
[0m[[0m[0minfo[0m] [0m[0m[31m  at logger.Logger$.makeScope(Logger.scala:164)[0m[0m
[0m[[0m[0minfo[0m] [0m[0m[31m  ...[0m[0m
[0m[[0m[0minfo[0m] [0m[0m[31m  Cause: java.lang.NullPointerException:[0m[0m
[0m[[0m[0minfo[0m] [0m[0m[31m  at cpu.CPU.$anonfun$new$23(CPU.scala:138)[0m[0m
[0m[[0m[0minfo[0m] [0m[0m[31m  at chisel3.Data.$anonfun$$colon$eq$1(Data.scala:524)[0m[0m
[0m[[0m[0minfo[0m] [0m[0m[31m  at scala.runtime.java8.JFunction0$mcV$sp.apply(JFunction0$mcV$sp.java:23)[0m[0m
[0m[[0m[0minfo[0m] [0m[0m[31m  at chisel3.internal.prefix$.apply(prefix.scala:32)[0m[0m
[0m[[0m[0minfo[0m] [0m[0m[31m  at chisel3.Data.$colon$eq(Data.scala:524)[0m[0m
[0m[[0m[0minfo[0m] [0m[0m[31m  at cpu.CPU.$anonfun$new$22(CPU.scala:138)[0m[0m
[0m[[0m[0minfo[0m] [0m[0m[31m  at scala.runtime.java8.JFunction0$mcV$sp.apply(JFunction0$mcV$sp.java:23)[0m[0m
[0m[[0m[0minfo[0m] [0m[0m[31m  at chisel3.WhenContext.<init>(When.scala:80)[0m[0m
[0m[[0m[0minfo[0m] [0m[0m[31m  at chisel3.when$.apply(When.scala:32)[0m[0m
[0m[[0m[0minfo[0m] [0m[0m[31m  at cpu.CPU.$anonfun$new$15(CPU.scala:137)[0m[0m
[0m[[0m[0minfo[0m] [0m[0m[31m  ...[0m[0m
[0m[[0m[0minfo[0m] [0m[0m[32mPipedRV addpos[0m[0m
[0m[[0m[0minfo[0m] [0m[0m[31m- should pass *** FAILED ***[0m[0m
[0m[[0m[0minfo[0m] [0m[0m[31m  chisel3.internal.ChiselException: Exception thrown when elaborating ChiselGeneratorAnnotation[0m[0m
[0m[[0m[0minfo[0m] [0m[0m[31m  at chisel3.stage.ChiselGeneratorAnnotation.elaborate(ChiselAnnotations.scala:65)[0m[0m
[0m[[0m[0minfo[0m] [0m[0m[31m  at chisel3.stage.phases.Elaborate.$anonfun$transform$1(Elaborate.scala:24)[0m[0m
[0m[[0m[0minfo[0m] [0m[0m[31m  at scala.collection.immutable.List.flatMap(List.scala:366)[0m[0m
[0m[[0m[0minfo[0m] [0m[0m[31m  at chisel3.stage.phases.Elaborate.transform(Elaborate.scala:23)[0m[0m
[0m[[0m[0minfo[0m] [0m[0m[31m  at chisel3.iotesters.setupTreadleBackend$.apply(TreadleBackend.scala:148)[0m[0m
[0m[[0m[0minfo[0m] [0m[0m[31m  at chisel3.iotesters.Driver$.$anonfun$execute$2(Driver.scala:54)[0m[0m
[0m[[0m[0minfo[0m] [0m[0m[31m  at scala.runtime.java8.JFunction0$mcZ$sp.apply(JFunction0$mcZ$sp.java:23)[0m[0m
[0m[[0m[0minfo[0m] [0m[0m[31m  at logger.Logger$.$anonfun$makeScope$2(Logger.scala:166)[0m[0m
[0m[[0m[0minfo[0m] [0m[0m[31m  at scala.util.DynamicVariable.withValue(DynamicVariable.scala:62)[0m[0m
[0m[[0m[0minfo[0m] [0m[0m[31m  at logger.Logger$.makeScope(Logger.scala:164)[0m[0m
[0m[[0m[0minfo[0m] [0m[0m[31m  ...[0m[0m
[0m[[0m[0minfo[0m] [0m[0m[31m  Cause: java.lang.NullPointerException:[0m[0m
[0m[[0m[0minfo[0m] [0m[0m[31m  at cpu.CPU.$anonfun$new$23(CPU.scala:138)[0m[0m
[0m[[0m[0minfo[0m] [0m[0m[31m  at chisel3.Data.$anonfun$$colon$eq$1(Data.scala:524)[0m[0m
[0m[[0m[0minfo[0m] [0m[0m[31m  at scala.runtime.java8.JFunction0$mcV$sp.apply(JFunction0$mcV$sp.java:23)[0m[0m
[0m[[0m[0minfo[0m] [0m[0m[31m  at chisel3.internal.prefix$.apply(prefix.scala:32)[0m[0m
[0m[[0m[0minfo[0m] [0m[0m[31m  at chisel3.Data.$colon$eq(Data.scala:524)[0m[0m
[0m[[0m[0minfo[0m] [0m[0m[31m  at cpu.CPU.$anonfun$new$22(CPU.scala:138)[0m[0m
[0m[[0m[0minfo[0m] [0m[0m[31m  at scala.runtime.java8.JFunction0$mcV$sp.apply(JFunction0$mcV$sp.java:23)[0m[0m
[0m[[0m[0minfo[0m] [0m[0m[31m  at chisel3.WhenContext.<init>(When.scala:80)[0m[0m
[0m[[0m[0minfo[0m] [0m[0m[31m  at chisel3.when$.apply(When.scala:32)[0m[0m
[0m[[0m[0minfo[0m] [0m[0m[31m  at cpu.CPU.$anonfun$new$15(CPU.scala:137)[0m[0m
[0m[[0m[0minfo[0m] [0m[0m[31m  ...[0m[0m
[0m[[0m[0minfo[0m] [0m[0m[32mPipedRV bool[0m[0m
[0m[[0m[0minfo[0m] [0m[0m[31m- should pass *** FAILED ***[0m[0m
[0m[[0m[0minfo[0m] [0m[0m[31m  chisel3.internal.ChiselException: Exception thrown when elaborating ChiselGeneratorAnnotation[0m[0m
[0m[[0m[0minfo[0m] [0m[0m[31m  at chisel3.stage.ChiselGeneratorAnnotation.elaborate(ChiselAnnotations.scala:65)[0m[0m
[0m[[0m[0minfo[0m] [0m[0m[31m  at chisel3.stage.phases.Elaborate.$anonfun$transform$1(Elaborate.scala:24)[0m[0m
[0m[[0m[0minfo[0m] [0m[0m[31m  at scala.collection.immutable.List.flatMap(List.scala:366)[0m[0m
[0m[[0m[0minfo[0m] [0m[0m[31m  at chisel3.stage.phases.Elaborate.transform(Elaborate.scala:23)[0m[0m
[0m[[0m[0minfo[0m] [0m[0m[31m  at chisel3.iotesters.setupTreadleBackend$.apply(TreadleBackend.scala:148)[0m[0m
[0m[[0m[0minfo[0m] [0m[0m[31m  at chisel3.iotesters.Driver$.$anonfun$execute$2(Driver.scala:54)[0m[0m
[0m[[0m[0minfo[0m] [0m[0m[31m  at scala.runtime.java8.JFunction0$mcZ$sp.apply(JFunction0$mcZ$sp.java:23)[0m[0m
[0m[[0m[0minfo[0m] [0m[0m[31m  at logger.Logger$.$anonfun$makeScope$2(Logger.scala:166)[0m[0m
[0m[[0m[0minfo[0m] [0m[0m[31m  at scala.util.DynamicVariable.withValue(DynamicVariable.scala:62)[0m[0m
[0m[[0m[0minfo[0m] [0m[0m[31m  at logger.Logger$.makeScope(Logger.scala:164)[0m[0m
[0m[[0m[0minfo[0m] [0m[0m[31m  ...[0m[0m
[0m[[0m[0minfo[0m] [0m[0m[31m  Cause: java.lang.NullPointerException:[0m[0m
[0m[[0m[0minfo[0m] [0m[0m[31m  at cpu.CPU.$anonfun$new$23(CPU.scala:138)[0m[0m
[0m[[0m[0minfo[0m] [0m[0m[31m  at chisel3.Data.$anonfun$$colon$eq$1(Data.scala:524)[0m[0m
[0m[[0m[0minfo[0m] [0m[0m[31m  at scala.runtime.java8.JFunction0$mcV$sp.apply(JFunction0$mcV$sp.java:23)[0m[0m
[0m[[0m[0minfo[0m] [0m[0m[31m  at chisel3.internal.prefix$.apply(prefix.scala:32)[0m[0m
[0m[[0m[0minfo[0m] [0m[0m[31m  at chisel3.Data.$colon$eq(Data.scala:524)[0m[0m
[0m[[0m[0minfo[0m] [0m[0m[31m  at cpu.CPU.$anonfun$new$22(CPU.scala:138)[0m[0m
[0m[[0m[0minfo[0m] [0m[0m[31m  at scala.runtime.java8.JFunction0$mcV$sp.apply(JFunction0$mcV$sp.java:23)[0m[0m
[0m[[0m[0minfo[0m] [0m[0m[31m  at chisel3.WhenContext.<init>(When.scala:80)[0m[0m
[0m[[0m[0minfo[0m] [0m[0m[31m  at chisel3.when$.apply(When.scala:32)[0m[0m
[0m[[0m[0minfo[0m] [0m[0m[31m  at cpu.CPU.$anonfun$new$15(CPU.scala:137)[0m[0m
[0m[[0m[0minfo[0m] [0m[0m[31m  ...[0m[0m
[0m[[0m[0minfo[0m] [0m[0m[32mPipedRV set[0m[0m
[0m[[0m[0minfo[0m] [0m[0m[31m- should pass *** FAILED ***[0m[0m
[0m[[0m[0minfo[0m] [0m[0m[31m  chisel3.internal.ChiselException: Exception thrown when elaborating ChiselGeneratorAnnotation[0m[0m
[0m[[0m[0minfo[0m] [0m[0m[31m  at chisel3.stage.ChiselGeneratorAnnotation.elaborate(ChiselAnnotations.scala:65)[0m[0m
[0m[[0m[0minfo[0m] [0m[0m[31m  at chisel3.stage.phases.Elaborate.$anonfun$transform$1(Elaborate.scala:24)[0m[0m
[0m[[0m[0minfo[0m] [0m[0m[31m  at scala.collection.immutable.List.flatMap(List.scala:366)[0m[0m
[0m[[0m[0minfo[0m] [0m[0m[31m  at chisel3.stage.phases.Elaborate.transform(Elaborate.scala:23)[0m[0m
[0m[[0m[0minfo[0m] [0m[0m[31m  at chisel3.iotesters.setupTreadleBackend$.apply(TreadleBackend.scala:148)[0m[0m
[0m[[0m[0minfo[0m] [0m[0m[31m  at chisel3.iotesters.Driver$.$anonfun$execute$2(Driver.scala:54)[0m[0m
[0m[[0m[0minfo[0m] [0m[0m[31m  at scala.runtime.java8.JFunction0$mcZ$sp.apply(JFunction0$mcZ$sp.java:23)[0m[0m
[0m[[0m[0minfo[0m] [0m[0m[31m  at logger.Logger$.$anonfun$makeScope$2(Logger.scala:166)[0m[0m
[0m[[0m[0minfo[0m] [0m[0m[31m  at scala.util.DynamicVariable.withValue(DynamicVariable.scala:62)[0m[0m
[0m[[0m[0minfo[0m] [0m[0m[31m  at logger.Logger$.makeScope(Logger.scala:164)[0m[0m
[0m[[0m[0minfo[0m] [0m[0m[31m  ...[0m[0m
[0m[[0m[0minfo[0m] [0m[0m[31m  Cause: java.lang.NullPointerException:[0m[0m
[0m[[0m[0minfo[0m] [0m[0m[31m  at cpu.CPU.$anonfun$new$23(CPU.scala:138)[0m[0m
[0m[[0m[0minfo[0m] [0m[0m[31m  at chisel3.Data.$anonfun$$colon$eq$1(Data.scala:524)[0m[0m
[0m[[0m[0minfo[0m] [0m[0m[31m  at scala.runtime.java8.JFunction0$mcV$sp.apply(JFunction0$mcV$sp.java:23)[0m[0m
[0m[[0m[0minfo[0m] [0m[0m[31m  at chisel3.internal.prefix$.apply(prefix.scala:32)[0m[0m
[0m[[0m[0minfo[0m] [0m[0m[31m  at chisel3.Data.$colon$eq(Data.scala:524)[0m[0m
[0m[[0m[0minfo[0m] [0m[0m[31m  at cpu.CPU.$anonfun$new$22(CPU.scala:138)[0m[0m
[0m[[0m[0minfo[0m] [0m[0m[31m  at scala.runtime.java8.JFunction0$mcV$sp.apply(JFunction0$mcV$sp.java:23)[0m[0m
[0m[[0m[0minfo[0m] [0m[0m[31m  at chisel3.WhenContext.<init>(When.scala:80)[0m[0m
[0m[[0m[0minfo[0m] [0m[0m[31m  at chisel3.when$.apply(When.scala:32)[0m[0m
[0m[[0m[0minfo[0m] [0m[0m[31m  at cpu.CPU.$anonfun$new$15(CPU.scala:137)[0m[0m
[0m[[0m[0minfo[0m] [0m[0m[31m  ...[0m[0m
[0m[[0m[0minfo[0m] [0m[0m[32mPipedRV shift[0m[0m
[0m[[0m[0minfo[0m] [0m[0m[31m- should pass *** FAILED ***[0m[0m
[0m[[0m[0minfo[0m] [0m[0m[31m  chisel3.internal.ChiselException: Exception thrown when elaborating ChiselGeneratorAnnotation[0m[0m
[0m[[0m[0minfo[0m] [0m[0m[31m  at chisel3.stage.ChiselGeneratorAnnotation.elaborate(ChiselAnnotations.scala:65)[0m[0m
[0m[[0m[0minfo[0m] [0m[0m[31m  at chisel3.stage.phases.Elaborate.$anonfun$transform$1(Elaborate.scala:24)[0m[0m
[0m[[0m[0minfo[0m] [0m[0m[31m  at scala.collection.immutable.List.flatMap(List.scala:366)[0m[0m
[0m[[0m[0minfo[0m] [0m[0m[31m  at chisel3.stage.phases.Elaborate.transform(Elaborate.scala:23)[0m[0m
[0m[[0m[0minfo[0m] [0m[0m[31m  at chisel3.iotesters.setupTreadleBackend$.apply(TreadleBackend.scala:148)[0m[0m
[0m[[0m[0minfo[0m] [0m[0m[31m  at chisel3.iotesters.Driver$.$anonfun$execute$2(Driver.scala:54)[0m[0m
[0m[[0m[0minfo[0m] [0m[0m[31m  at scala.runtime.java8.JFunction0$mcZ$sp.apply(JFunction0$mcZ$sp.java:23)[0m[0m
[0m[[0m[0minfo[0m] [0m[0m[31m  at logger.Logger$.$anonfun$makeScope$2(Logger.scala:166)[0m[0m
[0m[[0m[0minfo[0m] [0m[0m[31m  at scala.util.DynamicVariable.withValue(DynamicVariable.scala:62)[0m[0m
[0m[[0m[0minfo[0m] [0m[0m[31m  at logger.Logger$.makeScope(Logger.scala:164)[0m[0m
[0m[[0m[0minfo[0m] [0m[0m[31m  ...[0m[0m
[0m[[0m[0minfo[0m] [0m[0m[31m  Cause: java.lang.NullPointerException:[0m[0m
[0m[[0m[0minfo[0m] [0m[0m[31m  at cpu.CPU.$anonfun$new$23(CPU.scala:138)[0m[0m
[0m[[0m[0minfo[0m] [0m[0m[31m  at chisel3.Data.$anonfun$$colon$eq$1(Data.scala:524)[0m[0m
[0m[[0m[0minfo[0m] [0m[0m[31m  at scala.runtime.java8.JFunction0$mcV$sp.apply(JFunction0$mcV$sp.java:23)[0m[0m
[0m[[0m[0minfo[0m] [0m[0m[31m  at chisel3.internal.prefix$.apply(prefix.scala:32)[0m[0m
[0m[[0m[0minfo[0m] [0m[0m[31m  at chisel3.Data.$colon$eq(Data.scala:524)[0m[0m
[0m[[0m[0minfo[0m] [0m[0m[31m  at cpu.CPU.$anonfun$new$22(CPU.scala:138)[0m[0m
[0m[[0m[0minfo[0m] [0m[0m[31m  at scala.runtime.java8.JFunction0$mcV$sp.apply(JFunction0$mcV$sp.java:23)[0m[0m
[0m[[0m[0minfo[0m] [0m[0m[31m  at chisel3.WhenContext.<init>(When.scala:80)[0m[0m
[0m[[0m[0minfo[0m] [0m[0m[31m  at chisel3.when$.apply(When.scala:32)[0m[0m
[0m[[0m[0minfo[0m] [0m[0m[31m  at cpu.CPU.$anonfun$new$15(CPU.scala:137)[0m[0m
[0m[[0m[0minfo[0m] [0m[0m[31m  ...[0m[0m
[0m[[0m[0minfo[0m] [0m[0m[32mPipedRV shift2[0m[0m
[0m[[0m[0minfo[0m] [0m[0m[31m- should pass *** FAILED ***[0m[0m
[0m[[0m[0minfo[0m] [0m[0m[31m  chisel3.internal.ChiselException: Exception thrown when elaborating ChiselGeneratorAnnotation[0m[0m
[0m[[0m[0minfo[0m] [0m[0m[31m  at chisel3.stage.ChiselGeneratorAnnotation.elaborate(ChiselAnnotations.scala:65)[0m[0m
[0m[[0m[0minfo[0m] [0m[0m[31m  at chisel3.stage.phases.Elaborate.$anonfun$transform$1(Elaborate.scala:24)[0m[0m
[0m[[0m[0minfo[0m] [0m[0m[31m  at scala.collection.immutable.List.flatMap(List.scala:366)[0m[0m
[0m[[0m[0minfo[0m] [0m[0m[31m  at chisel3.stage.phases.Elaborate.transform(Elaborate.scala:23)[0m[0m
[0m[[0m[0minfo[0m] [0m[0m[31m  at chisel3.iotesters.setupTreadleBackend$.apply(TreadleBackend.scala:148)[0m[0m
[0m[[0m[0minfo[0m] [0m[0m[31m  at chisel3.iotesters.Driver$.$anonfun$execute$2(Driver.scala:54)[0m[0m
[0m[[0m[0minfo[0m] [0m[0m[31m  at scala.runtime.java8.JFunction0$mcZ$sp.apply(JFunction0$mcZ$sp.java:23)[0m[0m
[0m[[0m[0minfo[0m] [0m[0m[31m  at logger.Logger$.$anonfun$makeScope$2(Logger.scala:166)[0m[0m
[0m[[0m[0minfo[0m] [0m[0m[31m  at scala.util.DynamicVariable.withValue(DynamicVariable.scala:62)[0m[0m
[0m[[0m[0minfo[0m] [0m[0m[31m  at logger.Logger$.makeScope(Logger.scala:164)[0m[0m
[0m[[0m[0minfo[0m] [0m[0m[31m  ...[0m[0m
[0m[[0m[0minfo[0m] [0m[0m[31m  Cause: java.lang.NullPointerException:[0m[0m
[0m[[0m[0minfo[0m] [0m[0m[31m  at cpu.CPU.$anonfun$new$23(CPU.scala:138)[0m[0m
[0m[[0m[0minfo[0m] [0m[0m[31m  at chisel3.Data.$anonfun$$colon$eq$1(Data.scala:524)[0m[0m
[0m[[0m[0minfo[0m] [0m[0m[31m  at scala.runtime.java8.JFunction0$mcV$sp.apply(JFunction0$mcV$sp.java:23)[0m[0m
[0m[[0m[0minfo[0m] [0m[0m[31m  at chisel3.internal.prefix$.apply(prefix.scala:32)[0m[0m
[0m[[0m[0minfo[0m] [0m[0m[31m  at chisel3.Data.$colon$eq(Data.scala:524)[0m[0m
[0m[[0m[0minfo[0m] [0m[0m[31m  at cpu.CPU.$anonfun$new$22(CPU.scala:138)[0m[0m
[0m[[0m[0minfo[0m] [0m[0m[31m  at scala.runtime.java8.JFunction0$mcV$sp.apply(JFunction0$mcV$sp.java:23)[0m[0m
[0m[[0m[0minfo[0m] [0m[0m[31m  at chisel3.WhenContext.<init>(When.scala:80)[0m[0m
[0m[[0m[0minfo[0m] [0m[0m[31m  at chisel3.when$.apply(When.scala:32)[0m[0m
[0m[[0m[0minfo[0m] [0m[0m[31m  at cpu.CPU.$anonfun$new$15(CPU.scala:137)[0m[0m
[0m[[0m[0minfo[0m] [0m[0m[31m  ...[0m[0m
[0m[[0m[0minfo[0m] [0m[0m[32mPipedRV branchcnt[0m[0m
[0m[[0m[0minfo[0m] [0m[0m[31m- should pass *** FAILED ***[0m[0m
[0m[[0m[0minfo[0m] [0m[0m[31m  chisel3.internal.ChiselException: Exception thrown when elaborating ChiselGeneratorAnnotation[0m[0m
[0m[[0m[0minfo[0m] [0m[0m[31m  at chisel3.stage.ChiselGeneratorAnnotation.elaborate(ChiselAnnotations.scala:65)[0m[0m
[0m[[0m[0minfo[0m] [0m[0m[31m  at chisel3.stage.phases.Elaborate.$anonfun$transform$1(Elaborate.scala:24)[0m[0m
[0m[[0m[0minfo[0m] [0m[0m[31m  at scala.collection.immutable.List.flatMap(List.scala:366)[0m[0m
[0m[[0m[0minfo[0m] [0m[0m[31m  at chisel3.stage.phases.Elaborate.transform(Elaborate.scala:23)[0m[0m
[0m[[0m[0minfo[0m] [0m[0m[31m  at chisel3.iotesters.setupTreadleBackend$.apply(TreadleBackend.scala:148)[0m[0m
[0m[[0m[0minfo[0m] [0m[0m[31m  at chisel3.iotesters.Driver$.$anonfun$execute$2(Driver.scala:54)[0m[0m
[0m[[0m[0minfo[0m] [0m[0m[31m  at scala.runtime.java8.JFunction0$mcZ$sp.apply(JFunction0$mcZ$sp.java:23)[0m[0m
[0m[[0m[0minfo[0m] [0m[0m[31m  at logger.Logger$.$anonfun$makeScope$2(Logger.scala:166)[0m[0m
[0m[[0m[0minfo[0m] [0m[0m[31m  at scala.util.DynamicVariable.withValue(DynamicVariable.scala:62)[0m[0m
[0m[[0m[0minfo[0m] [0m[0m[31m  at logger.Logger$.makeScope(Logger.scala:164)[0m[0m
[0m[[0m[0minfo[0m] [0m[0m[31m  ...[0m[0m
[0m[[0m[0minfo[0m] [0m[0m[31m  Cause: java.lang.NullPointerException:[0m[0m
[0m[[0m[0minfo[0m] [0m[0m[31m  at cpu.CPU.$anonfun$new$23(CPU.scala:138)[0m[0m
[0m[[0m[0minfo[0m] [0m[0m[31m  at chisel3.Data.$anonfun$$colon$eq$1(Data.scala:524)[0m[0m
[0m[[0m[0minfo[0m] [0m[0m[31m  at scala.runtime.java8.JFunction0$mcV$sp.apply(JFunction0$mcV$sp.java:23)[0m[0m
[0m[[0m[0minfo[0m] [0m[0m[31m  at chisel3.internal.prefix$.apply(prefix.scala:32)[0m[0m
[0m[[0m[0minfo[0m] [0m[0m[31m  at chisel3.Data.$colon$eq(Data.scala:524)[0m[0m
[0m[[0m[0minfo[0m] [0m[0m[31m  at cpu.CPU.$anonfun$new$22(CPU.scala:138)[0m[0m
[0m[[0m[0minfo[0m] [0m[0m[31m  at scala.runtime.java8.JFunction0$mcV$sp.apply(JFunction0$mcV$sp.java:23)[0m[0m
[0m[[0m[0minfo[0m] [0m[0m[31m  at chisel3.WhenContext.<init>(When.scala:80)[0m[0m
[0m[[0m[0minfo[0m] [0m[0m[31m  at chisel3.when$.apply(When.scala:32)[0m[0m
[0m[[0m[0minfo[0m] [0m[0m[31m  at cpu.CPU.$anonfun$new$15(CPU.scala:137)[0m[0m
[0m[[0m[0minfo[0m] [0m[0m[31m  ...[0m[0m
[0m[[0m[0minfo[0m] [0m[0m[32mPipedRV branchmany[0m[0m
[0m[[0m[0minfo[0m] [0m[0m[31m- should pass *** FAILED ***[0m[0m
[0m[[0m[0minfo[0m] [0m[0m[31m  chisel3.internal.ChiselException: Exception thrown when elaborating ChiselGeneratorAnnotation[0m[0m
[0m[[0m[0minfo[0m] [0m[0m[31m  at chisel3.stage.ChiselGeneratorAnnotation.elaborate(ChiselAnnotations.scala:65)[0m[0m
[0m[[0m[0minfo[0m] [0m[0m[31m  at chisel3.stage.phases.Elaborate.$anonfun$transform$1(Elaborate.scala:24)[0m[0m
[0m[[0m[0minfo[0m] [0m[0m[31m  at scala.collection.immutable.List.flatMap(List.scala:366)[0m[0m
[0m[[0m[0minfo[0m] [0m[0m[31m  at chisel3.stage.phases.Elaborate.transform(Elaborate.scala:23)[0m[0m
[0m[[0m[0minfo[0m] [0m[0m[31m  at chisel3.iotesters.setupTreadleBackend$.apply(TreadleBackend.scala:148)[0m[0m
[0m[[0m[0minfo[0m] [0m[0m[31m  at chisel3.iotesters.Driver$.$anonfun$execute$2(Driver.scala:54)[0m[0m
[0m[[0m[0minfo[0m] [0m[0m[31m  at scala.runtime.java8.JFunction0$mcZ$sp.apply(JFunction0$mcZ$sp.java:23)[0m[0m
[0m[[0m[0minfo[0m] [0m[0m[31m  at logger.Logger$.$anonfun$makeScope$2(Logger.scala:166)[0m[0m
[0m[[0m[0minfo[0m] [0m[0m[31m  at scala.util.DynamicVariable.withValue(DynamicVariable.scala:62)[0m[0m
[0m[[0m[0minfo[0m] [0m[0m[31m  at logger.Logger$.makeScope(Logger.scala:164)[0m[0m
[0m[[0m[0minfo[0m] [0m[0m[31m  ...[0m[0m
[0m[[0m[0minfo[0m] [0m[0m[31m  Cause: java.lang.NullPointerException:[0m[0m
[0m[[0m[0minfo[0m] [0m[0m[31m  at cpu.CPU.$anonfun$new$23(CPU.scala:138)[0m[0m
[0m[[0m[0minfo[0m] [0m[0m[31m  at chisel3.Data.$anonfun$$colon$eq$1(Data.scala:524)[0m[0m
[0m[[0m[0minfo[0m] [0m[0m[31m  at scala.runtime.java8.JFunction0$mcV$sp.apply(JFunction0$mcV$sp.java:23)[0m[0m
[0m[[0m[0minfo[0m] [0m[0m[31m  at chisel3.internal.prefix$.apply(prefix.scala:32)[0m[0m
[0m[[0m[0minfo[0m] [0m[0m[31m  at chisel3.Data.$colon$eq(Data.scala:524)[0m[0m
[0m[[0m[0minfo[0m] [0m[0m[31m  at cpu.CPU.$anonfun$new$22(CPU.scala:138)[0m[0m
[0m[[0m[0minfo[0m] [0m[0m[31m  at scala.runtime.java8.JFunction0$mcV$sp.apply(JFunction0$mcV$sp.java:23)[0m[0m
[0m[[0m[0minfo[0m] [0m[0m[31m  at chisel3.WhenContext.<init>(When.scala:80)[0m[0m
[0m[[0m[0minfo[0m] [0m[0m[31m  at chisel3.when$.apply(When.scala:32)[0m[0m
[0m[[0m[0minfo[0m] [0m[0m[31m  at cpu.CPU.$anonfun$new$15(CPU.scala:137)[0m[0m
[0m[[0m[0minfo[0m] [0m[0m[31m  ...[0m[0m
[0m[[0m[0minfo[0m] [0m[0m[32mPipedRV branchtrap[0m[0m
[0m[[0m[0minfo[0m] [0m[0m[31m- should pass *** FAILED ***[0m[0m
[0m[[0m[0minfo[0m] [0m[0m[31m  chisel3.internal.ChiselException: Exception thrown when elaborating ChiselGeneratorAnnotation[0m[0m
[0m[[0m[0minfo[0m] [0m[0m[31m  at chisel3.stage.ChiselGeneratorAnnotation.elaborate(ChiselAnnotations.scala:65)[0m[0m
[0m[[0m[0minfo[0m] [0m[0m[31m  at chisel3.stage.phases.Elaborate.$anonfun$transform$1(Elaborate.scala:24)[0m[0m
[0m[[0m[0minfo[0m] [0m[0m[31m  at scala.collection.immutable.List.flatMap(List.scala:366)[0m[0m
[0m[[0m[0minfo[0m] [0m[0m[31m  at chisel3.stage.phases.Elaborate.transform(Elaborate.scala:23)[0m[0m
[0m[[0m[0minfo[0m] [0m[0m[31m  at chisel3.iotesters.setupTreadleBackend$.apply(TreadleBackend.scala:148)[0m[0m
[0m[[0m[0minfo[0m] [0m[0m[31m  at chisel3.iotesters.Driver$.$anonfun$execute$2(Driver.scala:54)[0m[0m
[0m[[0m[0minfo[0m] [0m[0m[31m  at scala.runtime.java8.JFunction0$mcZ$sp.apply(JFunction0$mcZ$sp.java:23)[0m[0m
[0m[[0m[0minfo[0m] [0m[0m[31m  at logger.Logger$.$anonfun$makeScope$2(Logger.scala:166)[0m[0m
[0m[[0m[0minfo[0m] [0m[0m[31m  at scala.util.DynamicVariable.withValue(DynamicVariable.scala:62)[0m[0m
[0m[[0m[0minfo[0m] [0m[0m[31m  at logger.Logger$.makeScope(Logger.scala:164)[0m[0m
[0m[[0m[0minfo[0m] [0m[0m[31m  ...[0m[0m
[0m[[0m[0minfo[0m] [0m[0m[31m  Cause: java.lang.NullPointerException:[0m[0m
[0m[[0m[0minfo[0m] [0m[0m[31m  at cpu.CPU.$anonfun$new$23(CPU.scala:138)[0m[0m
[0m[[0m[0minfo[0m] [0m[0m[31m  at chisel3.Data.$anonfun$$colon$eq$1(Data.scala:524)[0m[0m
[0m[[0m[0minfo[0m] [0m[0m[31m  at scala.runtime.java8.JFunction0$mcV$sp.apply(JFunction0$mcV$sp.java:23)[0m[0m
[0m[[0m[0minfo[0m] [0m[0m[31m  at chisel3.internal.prefix$.apply(prefix.scala:32)[0m[0m
[0m[[0m[0minfo[0m] [0m[0m[31m  at chisel3.Data.$colon$eq(Data.scala:524)[0m[0m
[0m[[0m[0minfo[0m] [0m[0m[31m  at cpu.CPU.$anonfun$new$22(CPU.scala:138)[0m[0m
[0m[[0m[0minfo[0m] [0m[0m[31m  at scala.runtime.java8.JFunction0$mcV$sp.apply(JFunction0$mcV$sp.java:23)[0m[0m
[0m[[0m[0minfo[0m] [0m[0m[31m  at chisel3.WhenContext.<init>(When.scala:80)[0m[0m
[0m[[0m[0minfo[0m] [0m[0m[31m  at chisel3.when$.apply(When.scala:32)[0m[0m
[0m[[0m[0minfo[0m] [0m[0m[31m  at cpu.CPU.$anonfun$new$15(CPU.scala:137)[0m[0m
[0m[[0m[0minfo[0m] [0m[0m[31m  ...[0m[0m
[0m[[0m[0minfo[0m] [0m[0m[32mPipedRV loop[0m[0m
[0m[[0m[0minfo[0m] [0m[0m[31m- should pass *** FAILED ***[0m[0m
[0m[[0m[0minfo[0m] [0m[0m[31m  chisel3.internal.ChiselException: Exception thrown when elaborating ChiselGeneratorAnnotation[0m[0m
[0m[[0m[0minfo[0m] [0m[0m[31m  at chisel3.stage.ChiselGeneratorAnnotation.elaborate(ChiselAnnotations.scala:65)[0m[0m
[0m[[0m[0minfo[0m] [0m[0m[31m  at chisel3.stage.phases.Elaborate.$anonfun$transform$1(Elaborate.scala:24)[0m[0m
[0m[[0m[0minfo[0m] [0m[0m[31m  at scala.collection.immutable.List.flatMap(List.scala:366)[0m[0m
[0m[[0m[0minfo[0m] [0m[0m[31m  at chisel3.stage.phases.Elaborate.transform(Elaborate.scala:23)[0m[0m
[0m[[0m[0minfo[0m] [0m[0m[31m  at chisel3.iotesters.setupTreadleBackend$.apply(TreadleBackend.scala:148)[0m[0m
[0m[[0m[0minfo[0m] [0m[0m[31m  at chisel3.iotesters.Driver$.$anonfun$execute$2(Driver.scala:54)[0m[0m
[0m[[0m[0minfo[0m] [0m[0m[31m  at scala.runtime.java8.JFunction0$mcZ$sp.apply(JFunction0$mcZ$sp.java:23)[0m[0m
[0m[[0m[0minfo[0m] [0m[0m[31m  at logger.Logger$.$anonfun$makeScope$2(Logger.scala:166)[0m[0m
[0m[[0m[0minfo[0m] [0m[0m[31m  at scala.util.DynamicVariable.withValue(DynamicVariable.scala:62)[0m[0m
[0m[[0m[0minfo[0m] [0m[0m[31m  at logger.Logger$.makeScope(Logger.scala:164)[0m[0m
[0m[[0m[0minfo[0m] [0m[0m[31m  ...[0m[0m
[0m[[0m[0minfo[0m] [0m[0m[31m  Cause: java.lang.NullPointerException:[0m[0m
[0m[[0m[0minfo[0m] [0m[0m[31m  at cpu.CPU.$anonfun$new$23(CPU.scala:138)[0m[0m
[0m[[0m[0minfo[0m] [0m[0m[31m  at chisel3.Data.$anonfun$$colon$eq$1(Data.scala:524)[0m[0m
[0m[[0m[0minfo[0m] [0m[0m[31m  at scala.runtime.java8.JFunction0$mcV$sp.apply(JFunction0$mcV$sp.java:23)[0m[0m
[0m[[0m[0minfo[0m] [0m[0m[31m  at chisel3.internal.prefix$.apply(prefix.scala:32)[0m[0m
[0m[[0m[0minfo[0m] [0m[0m[31m  at chisel3.Data.$colon$eq(Data.scala:524)[0m[0m
[0m[[0m[0minfo[0m] [0m[0m[31m  at cpu.CPU.$anonfun$new$22(CPU.scala:138)[0m[0m
[0m[[0m[0minfo[0m] [0m[0m[31m  at scala.runtime.java8.JFunction0$mcV$sp.apply(JFunction0$mcV$sp.java:23)[0m[0m
[0m[[0m[0minfo[0m] [0m[0m[31m  at chisel3.WhenContext.<init>(When.scala:80)[0m[0m
[0m[[0m[0minfo[0m] [0m[0m[31m  at chisel3.when$.apply(When.scala:32)[0m[0m
[0m[[0m[0minfo[0m] [0m[0m[31m  at cpu.CPU.$anonfun$new$15(CPU.scala:137)[0m[0m
[0m[[0m[0minfo[0m] [0m[0m[31m  ...[0m[0m
[0m[[0m[0minfo[0m] [0m[0m[32mPipedRV recursive[0m[0m
[0m[[0m[0minfo[0m] [0m[0m[31m- should pass *** FAILED ***[0m[0m
[0m[[0m[0minfo[0m] [0m[0m[31m  chisel3.internal.ChiselException: Exception thrown when elaborating ChiselGeneratorAnnotation[0m[0m
[0m[[0m[0minfo[0m] [0m[0m[31m  at chisel3.stage.ChiselGeneratorAnnotation.elaborate(ChiselAnnotations.scala:65)[0m[0m
[0m[[0m[0minfo[0m] [0m[0m[31m  at chisel3.stage.phases.Elaborate.$anonfun$transform$1(Elaborate.scala:24)[0m[0m
[0m[[0m[0minfo[0m] [0m[0m[31m  at scala.collection.immutable.List.flatMap(List.scala:366)[0m[0m
[0m[[0m[0minfo[0m] [0m[0m[31m  at chisel3.stage.phases.Elaborate.transform(Elaborate.scala:23)[0m[0m
[0m[[0m[0minfo[0m] [0m[0m[31m  at chisel3.iotesters.setupTreadleBackend$.apply(TreadleBackend.scala:148)[0m[0m
[0m[[0m[0minfo[0m] [0m[0m[31m  at chisel3.iotesters.Driver$.$anonfun$execute$2(Driver.scala:54)[0m[0m
[0m[[0m[0minfo[0m] [0m[0m[31m  at scala.runtime.java8.JFunction0$mcZ$sp.apply(JFunction0$mcZ$sp.java:23)[0m[0m
[0m[[0m[0minfo[0m] [0m[0m[31m  at logger.Logger$.$anonfun$makeScope$2(Logger.scala:166)[0m[0m
[0m[[0m[0minfo[0m] [0m[0m[31m  at scala.util.DynamicVariable.withValue(DynamicVariable.scala:62)[0m[0m
[0m[[0m[0minfo[0m] [0m[0m[31m  at logger.Logger$.makeScope(Logger.scala:164)[0m[0m
[0m[[0m[0minfo[0m] [0m[0m[31m  ...[0m[0m
[0m[[0m[0minfo[0m] [0m[0m[31m  Cause: java.lang.NullPointerException:[0m[0m
[0m[[0m[0minfo[0m] [0m[0m[31m  at cpu.CPU.$anonfun$new$23(CPU.scala:138)[0m[0m
[0m[[0m[0minfo[0m] [0m[0m[31m  at chisel3.Data.$anonfun$$colon$eq$1(Data.scala:524)[0m[0m
[0m[[0m[0minfo[0m] [0m[0m[31m  at scala.runtime.java8.JFunction0$mcV$sp.apply(JFunction0$mcV$sp.java:23)[0m[0m
[0m[[0m[0minfo[0m] [0m[0m[31m  at chisel3.internal.prefix$.apply(prefix.scala:32)[0m[0m
[0m[[0m[0minfo[0m] [0m[0m[31m  at chisel3.Data.$colon$eq(Data.scala:524)[0m[0m
[0m[[0m[0minfo[0m] [0m[0m[31m  at cpu.CPU.$anonfun$new$22(CPU.scala:138)[0m[0m
[0m[[0m[0minfo[0m] [0m[0m[31m  at scala.runtime.java8.JFunction0$mcV$sp.apply(JFunction0$mcV$sp.java:23)[0m[0m
[0m[[0m[0minfo[0m] [0m[0m[31m  at chisel3.WhenContext.<init>(When.scala:80)[0m[0m
[0m[[0m[0minfo[0m] [0m[0m[31m  at chisel3.when$.apply(When.scala:32)[0m[0m
[0m[[0m[0minfo[0m] [0m[0m[31m  at cpu.CPU.$anonfun$new$15(CPU.scala:137)[0m[0m
[0m[[0m[0minfo[0m] [0m[0m[31m  ...[0m[0m
[0m[[0m[0minfo[0m] [0m[0m[32mPipedRV width[0m[0m
[0m[[0m[0minfo[0m] [0m[0m[31m- should pass *** FAILED ***[0m[0m
[0m[[0m[0minfo[0m] [0m[0m[31m  chisel3.internal.ChiselException: Exception thrown when elaborating ChiselGeneratorAnnotation[0m[0m
[0m[[0m[0minfo[0m] [0m[0m[31m  at chisel3.stage.ChiselGeneratorAnnotation.elaborate(ChiselAnnotations.scala:65)[0m[0m
[0m[[0m[0minfo[0m] [0m[0m[31m  at chisel3.stage.phases.Elaborate.$anonfun$transform$1(Elaborate.scala:24)[0m[0m
[0m[[0m[0minfo[0m] [0m[0m[31m  at scala.collection.immutable.List.flatMap(List.scala:366)[0m[0m
[0m[[0m[0minfo[0m] [0m[0m[31m  at chisel3.stage.phases.Elaborate.transform(Elaborate.scala:23)[0m[0m
[0m[[0m[0minfo[0m] [0m[0m[31m  at chisel3.iotesters.setupTreadleBackend$.apply(TreadleBackend.scala:148)[0m[0m
[0m[[0m[0minfo[0m] [0m[0m[31m  at chisel3.iotesters.Driver$.$anonfun$execute$2(Driver.scala:54)[0m[0m
[0m[[0m[0minfo[0m] [0m[0m[31m  at scala.runtime.java8.JFunction0$mcZ$sp.apply(JFunction0$mcZ$sp.java:23)[0m[0m
[0m[[0m[0minfo[0m] [0m[0m[31m  at logger.Logger$.$anonfun$makeScope$2(Logger.scala:166)[0m[0m
[0m[[0m[0minfo[0m] [0m[0m[31m  at scala.util.DynamicVariable.withValue(DynamicVariable.scala:62)[0m[0m
[0m[[0m[0minfo[0m] [0m[0m[31m  at logger.Logger$.makeScope(Logger.scala:164)[0m[0m
[0m[[0m[0minfo[0m] [0m[0m[31m  ...[0m[0m
[0m[[0m[0minfo[0m] [0m[0m[31m  Cause: java.lang.NullPointerException:[0m[0m
[0m[[0m[0minfo[0m] [0m[0m[31m  at cpu.CPU.$anonfun$new$23(CPU.scala:138)[0m[0m
[0m[[0m[0minfo[0m] [0m[0m[31m  at chisel3.Data.$anonfun$$colon$eq$1(Data.scala:524)[0m[0m
[0m[[0m[0minfo[0m] [0m[0m[31m  at scala.runtime.java8.JFunction0$mcV$sp.apply(JFunction0$mcV$sp.java:23)[0m[0m
[0m[[0m[0minfo[0m] [0m[0m[31m  at chisel3.internal.prefix$.apply(prefix.scala:32)[0m[0m
[0m[[0m[0minfo[0m] [0m[0m[31m  at chisel3.Data.$colon$eq(Data.scala:524)[0m[0m
[0m[[0m[0minfo[0m] [0m[0m[31m  at cpu.CPU.$anonfun$new$22(CPU.scala:138)[0m[0m
[0m[[0m[0minfo[0m] [0m[0m[31m  at scala.runtime.java8.JFunction0$mcV$sp.apply(JFunction0$mcV$sp.java:23)[0m[0m
[0m[[0m[0minfo[0m] [0m[0m[31m  at chisel3.WhenContext.<init>(When.scala:80)[0m[0m
[0m[[0m[0minfo[0m] [0m[0m[31m  at chisel3.when$.apply(When.scala:32)[0m[0m
[0m[[0m[0minfo[0m] [0m[0m[31m  at cpu.CPU.$anonfun$new$15(CPU.scala:137)[0m[0m
[0m[[0m[0minfo[0m] [0m[0m[31m  ...[0m[0m
[0m[[0m[0minfo[0m] [0m[0m[32mPipedRV t1[0m[0m
[0m[[0m[0minfo[0m] [0m[0m[31m- should pass *** FAILED ***[0m[0m
[0m[[0m[0minfo[0m] [0m[0m[31m  chisel3.internal.ChiselException: Exception thrown when elaborating ChiselGeneratorAnnotation[0m[0m
[0m[[0m[0minfo[0m] [0m[0m[31m  at chisel3.stage.ChiselGeneratorAnnotation.elaborate(ChiselAnnotations.scala:65)[0m[0m
[0m[[0m[0minfo[0m] [0m[0m[31m  at chisel3.stage.phases.Elaborate.$anonfun$transform$1(Elaborate.scala:24)[0m[0m
[0m[[0m[0minfo[0m] [0m[0m[31m  at scala.collection.immutable.List.flatMap(List.scala:366)[0m[0m
[0m[[0m[0minfo[0m] [0m[0m[31m  at chisel3.stage.phases.Elaborate.transform(Elaborate.scala:23)[0m[0m
[0m[[0m[0minfo[0m] [0m[0m[31m  at chisel3.iotesters.setupTreadleBackend$.apply(TreadleBackend.scala:148)[0m[0m
[0m[[0m[0minfo[0m] [0m[0m[31m  at chisel3.iotesters.Driver$.$anonfun$execute$2(Driver.scala:54)[0m[0m
[0m[[0m[0minfo[0m] [0m[0m[31m  at scala.runtime.java8.JFunction0$mcZ$sp.apply(JFunction0$mcZ$sp.java:23)[0m[0m
[0m[[0m[0minfo[0m] [0m[0m[31m  at logger.Logger$.$anonfun$makeScope$2(Logger.scala:166)[0m[0m
[0m[[0m[0minfo[0m] [0m[0m[31m  at scala.util.DynamicVariable.withValue(DynamicVariable.scala:62)[0m[0m
[0m[[0m[0minfo[0m] [0m[0m[31m  at logger.Logger$.makeScope(Logger.scala:164)[0m[0m
[0m[[0m[0minfo[0m] [0m[0m[31m  ...[0m[0m
[0m[[0m[0minfo[0m] [0m[0m[31m  Cause: java.lang.NullPointerException:[0m[0m
[0m[[0m[0minfo[0m] [0m[0m[31m  at cpu.CPU.$anonfun$new$23(CPU.scala:138)[0m[0m
[0m[[0m[0minfo[0m] [0m[0m[31m  at chisel3.Data.$anonfun$$colon$eq$1(Data.scala:524)[0m[0m
[0m[[0m[0minfo[0m] [0m[0m[31m  at scala.runtime.java8.JFunction0$mcV$sp.apply(JFunction0$mcV$sp.java:23)[0m[0m
[0m[[0m[0minfo[0m] [0m[0m[31m  at chisel3.internal.prefix$.apply(prefix.scala:32)[0m[0m
[0m[[0m[0minfo[0m] [0m[0m[31m  at chisel3.Data.$colon$eq(Data.scala:524)[0m[0m
[0m[[0m[0minfo[0m] [0m[0m[31m  at cpu.CPU.$anonfun$new$22(CPU.scala:138)[0m[0m
[0m[[0m[0minfo[0m] [0m[0m[31m  at scala.runtime.java8.JFunction0$mcV$sp.apply(JFunction0$mcV$sp.java:23)[0m[0m
[0m[[0m[0minfo[0m] [0m[0m[31m  at chisel3.WhenContext.<init>(When.scala:80)[0m[0m
[0m[[0m[0minfo[0m] [0m[0m[31m  at chisel3.when$.apply(When.scala:32)[0m[0m
[0m[[0m[0minfo[0m] [0m[0m[31m  at cpu.CPU.$anonfun$new$15(CPU.scala:137)[0m[0m
[0m[[0m[0minfo[0m] [0m[0m[31m  ...[0m[0m
[0m[[0m[0minfo[0m] [0m[0m[32mPipedRV t2[0m[0m
[0m[[0m[0minfo[0m] [0m[0m[31m- should pass *** FAILED ***[0m[0m
[0m[[0m[0minfo[0m] [0m[0m[31m  chisel3.internal.ChiselException: Exception thrown when elaborating ChiselGeneratorAnnotation[0m[0m
[0m[[0m[0minfo[0m] [0m[0m[31m  at chisel3.stage.ChiselGeneratorAnnotation.elaborate(ChiselAnnotations.scala:65)[0m[0m
[0m[[0m[0minfo[0m] [0m[0m[31m  at chisel3.stage.phases.Elaborate.$anonfun$transform$1(Elaborate.scala:24)[0m[0m
[0m[[0m[0minfo[0m] [0m[0m[31m  at scala.collection.immutable.List.flatMap(List.scala:366)[0m[0m
[0m[[0m[0minfo[0m] [0m[0m[31m  at chisel3.stage.phases.Elaborate.transform(Elaborate.scala:23)[0m[0m
[0m[[0m[0minfo[0m] [0m[0m[31m  at chisel3.iotesters.setupTreadleBackend$.apply(TreadleBackend.scala:148)[0m[0m
[0m[[0m[0minfo[0m] [0m[0m[31m  at chisel3.iotesters.Driver$.$anonfun$execute$2(Driver.scala:54)[0m[0m
[0m[[0m[0minfo[0m] [0m[0m[31m  at scala.runtime.java8.JFunction0$mcZ$sp.apply(JFunction0$mcZ$sp.java:23)[0m[0m
[0m[[0m[0minfo[0m] [0m[0m[31m  at logger.Logger$.$anonfun$makeScope$2(Logger.scala:166)[0m[0m
[0m[[0m[0minfo[0m] [0m[0m[31m  at scala.util.DynamicVariable.withValue(DynamicVariable.scala:62)[0m[0m
[0m[[0m[0minfo[0m] [0m[0m[31m  at logger.Logger$.makeScope(Logger.scala:164)[0m[0m
[0m[[0m[0minfo[0m] [0m[0m[31m  ...[0m[0m
[0m[[0m[0minfo[0m] [0m[0m[31m  Cause: java.lang.NullPointerException:[0m[0m
[0m[[0m[0minfo[0m] [0m[0m[31m  at cpu.CPU.$anonfun$new$23(CPU.scala:138)[0m[0m
[0m[[0m[0minfo[0m] [0m[0m[31m  at chisel3.Data.$anonfun$$colon$eq$1(Data.scala:524)[0m[0m
[0m[[0m[0minfo[0m] [0m[0m[31m  at scala.runtime.java8.JFunction0$mcV$sp.apply(JFunction0$mcV$sp.java:23)[0m[0m
[0m[[0m[0minfo[0m] [0m[0m[31m  at chisel3.internal.prefix$.apply(prefix.scala:32)[0m[0m
[0m[[0m[0minfo[0m] [0m[0m[31m  at chisel3.Data.$colon$eq(Data.scala:524)[0m[0m
[0m[[0m[0minfo[0m] [0m[0m[31m  at cpu.CPU.$anonfun$new$22(CPU.scala:138)[0m[0m
[0m[[0m[0minfo[0m] [0m[0m[31m  at scala.runtime.java8.JFunction0$mcV$sp.apply(JFunction0$mcV$sp.java:23)[0m[0m
[0m[[0m[0minfo[0m] [0m[0m[31m  at chisel3.WhenContext.<init>(When.scala:80)[0m[0m
[0m[[0m[0minfo[0m] [0m[0m[31m  at chisel3.when$.apply(When.scala:32)[0m[0m
[0m[[0m[0minfo[0m] [0m[0m[31m  at cpu.CPU.$anonfun$new$15(CPU.scala:137)[0m[0m
[0m[[0m[0minfo[0m] [0m[0m[31m  ...[0m[0m
[0m[[0m[0minfo[0m] [0m[0m[32mPipedRV t3[0m[0m
[0m[[0m[0minfo[0m] [0m[0m[31m- should pass *** FAILED ***[0m[0m
[0m[[0m[0minfo[0m] [0m[0m[31m  chisel3.internal.ChiselException: Exception thrown when elaborating ChiselGeneratorAnnotation[0m[0m
[0m[[0m[0minfo[0m] [0m[0m[31m  at chisel3.stage.ChiselGeneratorAnnotation.elaborate(ChiselAnnotations.scala:65)[0m[0m
[0m[[0m[0minfo[0m] [0m[0m[31m  at chisel3.stage.phases.Elaborate.$anonfun$transform$1(Elaborate.scala:24)[0m[0m
[0m[[0m[0minfo[0m] [0m[0m[31m  at scala.collection.immutable.List.flatMap(List.scala:366)[0m[0m
[0m[[0m[0minfo[0m] [0m[0m[31m  at chisel3.stage.phases.Elaborate.transform(Elaborate.scala:23)[0m[0m
[0m[[0m[0minfo[0m] [0m[0m[31m  at chisel3.iotesters.setupTreadleBackend$.apply(TreadleBackend.scala:148)[0m[0m
[0m[[0m[0minfo[0m] [0m[0m[31m  at chisel3.iotesters.Driver$.$anonfun$execute$2(Driver.scala:54)[0m[0m
[0m[[0m[0minfo[0m] [0m[0m[31m  at scala.runtime.java8.JFunction0$mcZ$sp.apply(JFunction0$mcZ$sp.java:23)[0m[0m
[0m[[0m[0minfo[0m] [0m[0m[31m  at logger.Logger$.$anonfun$makeScope$2(Logger.scala:166)[0m[0m
[0m[[0m[0minfo[0m] [0m[0m[31m  at scala.util.DynamicVariable.withValue(DynamicVariable.scala:62)[0m[0m
[0m[[0m[0minfo[0m] [0m[0m[31m  at logger.Logger$.makeScope(Logger.scala:164)[0m[0m
[0m[[0m[0minfo[0m] [0m[0m[31m  ...[0m[0m
[0m[[0m[0minfo[0m] [0m[0m[31m  Cause: java.lang.NullPointerException:[0m[0m
[0m[[0m[0minfo[0m] [0m[0m[31m  at cpu.CPU.$anonfun$new$23(CPU.scala:138)[0m[0m
[0m[[0m[0minfo[0m] [0m[0m[31m  at chisel3.Data.$anonfun$$colon$eq$1(Data.scala:524)[0m[0m
[0m[[0m[0minfo[0m] [0m[0m[31m  at scala.runtime.java8.JFunction0$mcV$sp.apply(JFunction0$mcV$sp.java:23)[0m[0m
[0m[[0m[0minfo[0m] [0m[0m[31m  at chisel3.internal.prefix$.apply(prefix.scala:32)[0m[0m
[0m[[0m[0minfo[0m] [0m[0m[31m  at chisel3.Data.$colon$eq(Data.scala:524)[0m[0m
[0m[[0m[0minfo[0m] [0m[0m[31m  at cpu.CPU.$anonfun$new$22(CPU.scala:138)[0m[0m
[0m[[0m[0minfo[0m] [0m[0m[31m  at scala.runtime.java8.JFunction0$mcV$sp.apply(JFunction0$mcV$sp.java:23)[0m[0m
[0m[[0m[0minfo[0m] [0m[0m[31m  at chisel3.WhenContext.<init>(When.scala:80)[0m[0m
[0m[[0m[0minfo[0m] [0m[0m[31m  at chisel3.when$.apply(When.scala:32)[0m[0m
[0m[[0m[0minfo[0m] [0m[0m[31m  at cpu.CPU.$anonfun$new$15(CPU.scala:137)[0m[0m
[0m[[0m[0minfo[0m] [0m[0m[31m  ...[0m[0m
[0m[[0m[0minfo[0m] [0m[0m[32mPipedRV t4[0m[0m
[0m[[0m[0minfo[0m] [0m[0m[31m- should pass *** FAILED ***[0m[0m
[0m[[0m[0minfo[0m] [0m[0m[31m  chisel3.internal.ChiselException: Exception thrown when elaborating ChiselGeneratorAnnotation[0m[0m
[0m[[0m[0minfo[0m] [0m[0m[31m  at chisel3.stage.ChiselGeneratorAnnotation.elaborate(ChiselAnnotations.scala:65)[0m[0m
[0m[[0m[0minfo[0m] [0m[0m[31m  at chisel3.stage.phases.Elaborate.$anonfun$transform$1(Elaborate.scala:24)[0m[0m
[0m[[0m[0minfo[0m] [0m[0m[31m  at scala.collection.immutable.List.flatMap(List.scala:366)[0m[0m
[0m[[0m[0minfo[0m] [0m[0m[31m  at chisel3.stage.phases.Elaborate.transform(Elaborate.scala:23)[0m[0m
[0m[[0m[0minfo[0m] [0m[0m[31m  at chisel3.iotesters.setupTreadleBackend$.apply(TreadleBackend.scala:148)[0m[0m
[0m[[0m[0minfo[0m] [0m[0m[31m  at chisel3.iotesters.Driver$.$anonfun$execute$2(Driver.scala:54)[0m[0m
[0m[[0m[0minfo[0m] [0m[0m[31m  at scala.runtime.java8.JFunction0$mcZ$sp.apply(JFunction0$mcZ$sp.java:23)[0m[0m
[0m[[0m[0minfo[0m] [0m[0m[31m  at logger.Logger$.$anonfun$makeScope$2(Logger.scala:166)[0m[0m
[0m[[0m[0minfo[0m] [0m[0m[31m  at scala.util.DynamicVariable.withValue(DynamicVariable.scala:62)[0m[0m
[0m[[0m[0minfo[0m] [0m[0m[31m  at logger.Logger$.makeScope(Logger.scala:164)[0m[0m
[0m[[0m[0minfo[0m] [0m[0m[31m  ...[0m[0m
[0m[[0m[0minfo[0m] [0m[0m[31m  Cause: java.lang.NullPointerException:[0m[0m
[0m[[0m[0minfo[0m] [0m[0m[31m  at cpu.CPU.$anonfun$new$23(CPU.scala:138)[0m[0m
[0m[[0m[0minfo[0m] [0m[0m[31m  at chisel3.Data.$anonfun$$colon$eq$1(Data.scala:524)[0m[0m
[0m[[0m[0minfo[0m] [0m[0m[31m  at scala.runtime.java8.JFunction0$mcV$sp.apply(JFunction0$mcV$sp.java:23)[0m[0m
[0m[[0m[0minfo[0m] [0m[0m[31m  at chisel3.internal.prefix$.apply(prefix.scala:32)[0m[0m
[0m[[0m[0minfo[0m] [0m[0m[31m  at chisel3.Data.$colon$eq(Data.scala:524)[0m[0m
[0m[[0m[0minfo[0m] [0m[0m[31m  at cpu.CPU.$anonfun$new$22(CPU.scala:138)[0m[0m
[0m[[0m[0minfo[0m] [0m[0m[31m  at scala.runtime.java8.JFunction0$mcV$sp.apply(JFunction0$mcV$sp.java:23)[0m[0m
[0m[[0m[0minfo[0m] [0m[0m[31m  at chisel3.WhenContext.<init>(When.scala:80)[0m[0m
[0m[[0m[0minfo[0m] [0m[0m[31m  at chisel3.when$.apply(When.scala:32)[0m[0m
[0m[[0m[0minfo[0m] [0m[0m[31m  at cpu.CPU.$anonfun$new$15(CPU.scala:137)[0m[0m
[0m[[0m[0minfo[0m] [0m[0m[31m  ...[0m[0m
[0m[[0m[0minfo[0m] [0m[0m[32mPipedRV t5[0m[0m
[0m[[0m[0minfo[0m] [0m[0m[31m- should pass *** FAILED ***[0m[0m
[0m[[0m[0minfo[0m] [0m[0m[31m  chisel3.internal.ChiselException: Exception thrown when elaborating ChiselGeneratorAnnotation[0m[0m
[0m[[0m[0minfo[0m] [0m[0m[31m  at chisel3.stage.ChiselGeneratorAnnotation.elaborate(ChiselAnnotations.scala:65)[0m[0m
[0m[[0m[0minfo[0m] [0m[0m[31m  at chisel3.stage.phases.Elaborate.$anonfun$transform$1(Elaborate.scala:24)[0m[0m
[0m[[0m[0minfo[0m] [0m[0m[31m  at scala.collection.immutable.List.flatMap(List.scala:366)[0m[0m
[0m[[0m[0minfo[0m] [0m[0m[31m  at chisel3.stage.phases.Elaborate.transform(Elaborate.scala:23)[0m[0m
[0m[[0m[0minfo[0m] [0m[0m[31m  at chisel3.iotesters.setupTreadleBackend$.apply(TreadleBackend.scala:148)[0m[0m
[0m[[0m[0minfo[0m] [0m[0m[31m  at chisel3.iotesters.Driver$.$anonfun$execute$2(Driver.scala:54)[0m[0m
[0m[[0m[0minfo[0m] [0m[0m[31m  at scala.runtime.java8.JFunction0$mcZ$sp.apply(JFunction0$mcZ$sp.java:23)[0m[0m
[0m[[0m[0minfo[0m] [0m[0m[31m  at logger.Logger$.$anonfun$makeScope$2(Logger.scala:166)[0m[0m
[0m[[0m[0minfo[0m] [0m[0m[31m  at scala.util.DynamicVariable.withValue(DynamicVariable.scala:62)[0m[0m
[0m[[0m[0minfo[0m] [0m[0m[31m  at logger.Logger$.makeScope(Logger.scala:164)[0m[0m
[0m[[0m[0minfo[0m] [0m[0m[31m  ...[0m[0m
[0m[[0m[0minfo[0m] [0m[0m[31m  Cause: java.lang.NullPointerException:[0m[0m
[0m[[0m[0minfo[0m] [0m[0m[31m  at cpu.CPU.$anonfun$new$23(CPU.scala:138)[0m[0m
[0m[[0m[0minfo[0m] [0m[0m[31m  at chisel3.Data.$anonfun$$colon$eq$1(Data.scala:524)[0m[0m
[0m[[0m[0minfo[0m] [0m[0m[31m  at scala.runtime.java8.JFunction0$mcV$sp.apply(JFunction0$mcV$sp.java:23)[0m[0m
[0m[[0m[0minfo[0m] [0m[0m[31m  at chisel3.internal.prefix$.apply(prefix.scala:32)[0m[0m
[0m[[0m[0minfo[0m] [0m[0m[31m  at chisel3.Data.$colon$eq(Data.scala:524)[0m[0m
[0m[[0m[0minfo[0m] [0m[0m[31m  at cpu.CPU.$anonfun$new$22(CPU.scala:138)[0m[0m
[0m[[0m[0minfo[0m] [0m[0m[31m  at scala.runtime.java8.JFunction0$mcV$sp.apply(JFunction0$mcV$sp.java:23)[0m[0m
[0m[[0m[0minfo[0m] [0m[0m[31m  at chisel3.WhenContext.<init>(When.scala:80)[0m[0m
[0m[[0m[0minfo[0m] [0m[0m[31m  at chisel3.when$.apply(When.scala:32)[0m[0m
[0m[[0m[0minfo[0m] [0m[0m[31m  at cpu.CPU.$anonfun$new$15(CPU.scala:137)[0m[0m
[0m[[0m[0minfo[0m] [0m[0m[31m  ...[0m[0m
[0m[[0m[0minfo[0m] [0m[0m[32mPipedRV t6[0m[0m
[0m[[0m[0minfo[0m] [0m[0m[31m- should pass *** FAILED ***[0m[0m
[0m[[0m[0minfo[0m] [0m[0m[31m  chisel3.internal.ChiselException: Exception thrown when elaborating ChiselGeneratorAnnotation[0m[0m
[0m[[0m[0minfo[0m] [0m[0m[31m  at chisel3.stage.ChiselGeneratorAnnotation.elaborate(ChiselAnnotations.scala:65)[0m[0m
[0m[[0m[0minfo[0m] [0m[0m[31m  at chisel3.stage.phases.Elaborate.$anonfun$transform$1(Elaborate.scala:24)[0m[0m
[0m[[0m[0minfo[0m] [0m[0m[31m  at scala.collection.immutable.List.flatMap(List.scala:366)[0m[0m
[0m[[0m[0minfo[0m] [0m[0m[31m  at chisel3.stage.phases.Elaborate.transform(Elaborate.scala:23)[0m[0m
[0m[[0m[0minfo[0m] [0m[0m[31m  at chisel3.iotesters.setupTreadleBackend$.apply(TreadleBackend.scala:148)[0m[0m
[0m[[0m[0minfo[0m] [0m[0m[31m  at chisel3.iotesters.Driver$.$anonfun$execute$2(Driver.scala:54)[0m[0m
[0m[[0m[0minfo[0m] [0m[0m[31m  at scala.runtime.java8.JFunction0$mcZ$sp.apply(JFunction0$mcZ$sp.java:23)[0m[0m
[0m[[0m[0minfo[0m] [0m[0m[31m  at logger.Logger$.$anonfun$makeScope$2(Logger.scala:166)[0m[0m
[0m[[0m[0minfo[0m] [0m[0m[31m  at scala.util.DynamicVariable.withValue(DynamicVariable.scala:62)[0m[0m
[0m[[0m[0minfo[0m] [0m[0m[31m  at logger.Logger$.makeScope(Logger.scala:164)[0m[0m
[0m[[0m[0minfo[0m] [0m[0m[31m  ...[0m[0m
[0m[[0m[0minfo[0m] [0m[0m[31m  Cause: java.lang.NullPointerException:[0m[0m
[0m[[0m[0minfo[0m] [0m[0m[31m  at cpu.CPU.$anonfun$new$23(CPU.scala:138)[0m[0m
[0m[[0m[0minfo[0m] [0m[0m[31m  at chisel3.Data.$anonfun$$colon$eq$1(Data.scala:524)[0m[0m
[0m[[0m[0minfo[0m] [0m[0m[31m  at scala.runtime.java8.JFunction0$mcV$sp.apply(JFunction0$mcV$sp.java:23)[0m[0m
[0m[[0m[0minfo[0m] [0m[0m[31m  at chisel3.internal.prefix$.apply(prefix.scala:32)[0m[0m
[0m[[0m[0minfo[0m] [0m[0m[31m  at chisel3.Data.$colon$eq(Data.scala:524)[0m[0m
[0m[[0m[0minfo[0m] [0m[0m[31m  at cpu.CPU.$anonfun$new$22(CPU.scala:138)[0m[0m
[0m[[0m[0minfo[0m] [0m[0m[31m  at scala.runtime.java8.JFunction0$mcV$sp.apply(JFunction0$mcV$sp.java:23)[0m[0m
[0m[[0m[0minfo[0m] [0m[0m[31m  at chisel3.WhenContext.<init>(When.scala:80)[0m[0m
[0m[[0m[0minfo[0m] [0m[0m[31m  at chisel3.when$.apply(When.scala:32)[0m[0m
[0m[[0m[0minfo[0m] [0m[0m[31m  at cpu.CPU.$anonfun$new$15(CPU.scala:137)[0m[0m
[0m[[0m[0minfo[0m] [0m[0m[31m  ...[0m[0m
[0m[[0m[0minfo[0m] [0m[0m[32mPipedRV t7[0m[0m
[0m[[0m[0minfo[0m] [0m[0m[31m- should pass *** FAILED ***[0m[0m
[0m[[0m[0minfo[0m] [0m[0m[31m  chisel3.internal.ChiselException: Exception thrown when elaborating ChiselGeneratorAnnotation[0m[0m
[0m[[0m[0minfo[0m] [0m[0m[31m  at chisel3.stage.ChiselGeneratorAnnotation.elaborate(ChiselAnnotations.scala:65)[0m[0m
[0m[[0m[0minfo[0m] [0m[0m[31m  at chisel3.stage.phases.Elaborate.$anonfun$transform$1(Elaborate.scala:24)[0m[0m
[0m[[0m[0minfo[0m] [0m[0m[31m  at scala.collection.immutable.List.flatMap(List.scala:366)[0m[0m
[0m[[0m[0minfo[0m] [0m[0m[31m  at chisel3.stage.phases.Elaborate.transform(Elaborate.scala:23)[0m[0m
[0m[[0m[0minfo[0m] [0m[0m[31m  at chisel3.iotesters.setupTreadleBackend$.apply(TreadleBackend.scala:148)[0m[0m
[0m[[0m[0minfo[0m] [0m[0m[31m  at chisel3.iotesters.Driver$.$anonfun$execute$2(Driver.scala:54)[0m[0m
[0m[[0m[0minfo[0m] [0m[0m[31m  at scala.runtime.java8.JFunction0$mcZ$sp.apply(JFunction0$mcZ$sp.java:23)[0m[0m
[0m[[0m[0minfo[0m] [0m[0m[31m  at logger.Logger$.$anonfun$makeScope$2(Logger.scala:166)[0m[0m
[0m[[0m[0minfo[0m] [0m[0m[31m  at scala.util.DynamicVariable.withValue(DynamicVariable.scala:62)[0m[0m
[0m[[0m[0minfo[0m] [0m[0m[31m  at logger.Logger$.makeScope(Logger.scala:164)[0m[0m
[0m[[0m[0minfo[0m] [0m[0m[31m  ...[0m[0m
[0m[[0m[0minfo[0m] [0m[0m[31m  Cause: java.lang.NullPointerException:[0m[0m
[0m[[0m[0minfo[0m] [0m[0m[31m  at cpu.CPU.$anonfun$new$23(CPU.scala:138)[0m[0m
[0m[[0m[0minfo[0m] [0m[0m[31m  at chisel3.Data.$anonfun$$colon$eq$1(Data.scala:524)[0m[0m
[0m[[0m[0minfo[0m] [0m[0m[31m  at scala.runtime.java8.JFunction0$mcV$sp.apply(JFunction0$mcV$sp.java:23)[0m[0m
[0m[[0m[0minfo[0m] [0m[0m[31m  at chisel3.internal.prefix$.apply(prefix.scala:32)[0m[0m
[0m[[0m[0minfo[0m] [0m[0m[31m  at chisel3.Data.$colon$eq(Data.scala:524)[0m[0m
[0m[[0m[0minfo[0m] [0m[0m[31m  at cpu.CPU.$anonfun$new$22(CPU.scala:138)[0m[0m
[0m[[0m[0minfo[0m] [0m[0m[31m  at scala.runtime.java8.JFunction0$mcV$sp.apply(JFunction0$mcV$sp.java:23)[0m[0m
[0m[[0m[0minfo[0m] [0m[0m[31m  at chisel3.WhenContext.<init>(When.scala:80)[0m[0m
[0m[[0m[0minfo[0m] [0m[0m[31m  at chisel3.when$.apply(When.scala:32)[0m[0m
[0m[[0m[0minfo[0m] [0m[0m[31m  at cpu.CPU.$anonfun$new$15(CPU.scala:137)[0m[0m
[0m[[0m[0minfo[0m] [0m[0m[31m  ...[0m[0m
[0m[[0m[0minfo[0m] [0m[0m[32mPipedRV t8[0m[0m
[0m[[0m[0minfo[0m] [0m[0m[31m- should pass *** FAILED ***[0m[0m
[0m[[0m[0minfo[0m] [0m[0m[31m  chisel3.internal.ChiselException: Exception thrown when elaborating ChiselGeneratorAnnotation[0m[0m
[0m[[0m[0minfo[0m] [0m[0m[31m  at chisel3.stage.ChiselGeneratorAnnotation.elaborate(ChiselAnnotations.scala:65)[0m[0m
[0m[[0m[0minfo[0m] [0m[0m[31m  at chisel3.stage.phases.Elaborate.$anonfun$transform$1(Elaborate.scala:24)[0m[0m
[0m[[0m[0minfo[0m] [0m[0m[31m  at scala.collection.immutable.List.flatMap(List.scala:366)[0m[0m
[0m[[0m[0minfo[0m] [0m[0m[31m  at chisel3.stage.phases.Elaborate.transform(Elaborate.scala:23)[0m[0m
[0m[[0m[0minfo[0m] [0m[0m[31m  at chisel3.iotesters.setupTreadleBackend$.apply(TreadleBackend.scala:148)[0m[0m
[0m[[0m[0minfo[0m] [0m[0m[31m  at chisel3.iotesters.Driver$.$anonfun$execute$2(Driver.scala:54)[0m[0m
[0m[[0m[0minfo[0m] [0m[0m[31m  at scala.runtime.java8.JFunction0$mcZ$sp.apply(JFunction0$mcZ$sp.java:23)[0m[0m
[0m[[0m[0minfo[0m] [0m[0m[31m  at logger.Logger$.$anonfun$makeScope$2(Logger.scala:166)[0m[0m
[0m[[0m[0minfo[0m] [0m[0m[31m  at scala.util.DynamicVariable.withValue(DynamicVariable.scala:62)[0m[0m
[0m[[0m[0minfo[0m] [0m[0m[31m  at logger.Logger$.makeScope(Logger.scala:164)[0m[0m
[0m[[0m[0minfo[0m] [0m[0m[31m  ...[0m[0m
[0m[[0m[0minfo[0m] [0m[0m[31m  Cause: java.lang.NullPointerException:[0m[0m
[0m[[0m[0minfo[0m] [0m[0m[31m  at cpu.CPU.$anonfun$new$23(CPU.scala:138)[0m[0m
[0m[[0m[0minfo[0m] [0m[0m[31m  at chisel3.Data.$anonfun$$colon$eq$1(Data.scala:524)[0m[0m
[0m[[0m[0minfo[0m] [0m[0m[31m  at scala.runtime.java8.JFunction0$mcV$sp.apply(JFunction0$mcV$sp.java:23)[0m[0m
[0m[[0m[0minfo[0m] [0m[0m[31m  at chisel3.internal.prefix$.apply(prefix.scala:32)[0m[0m
[0m[[0m[0minfo[0m] [0m[0m[31m  at chisel3.Data.$colon$eq(Data.scala:524)[0m[0m
[0m[[0m[0minfo[0m] [0m[0m[31m  at cpu.CPU.$anonfun$new$22(CPU.scala:138)[0m[0m
[0m[[0m[0minfo[0m] [0m[0m[31m  at scala.runtime.java8.JFunction0$mcV$sp.apply(JFunction0$mcV$sp.java:23)[0m[0m
[0m[[0m[0minfo[0m] [0m[0m[31m  at chisel3.WhenContext.<init>(When.scala:80)[0m[0m
[0m[[0m[0minfo[0m] [0m[0m[31m  at chisel3.when$.apply(When.scala:32)[0m[0m
[0m[[0m[0minfo[0m] [0m[0m[31m  at cpu.CPU.$anonfun$new$15(CPU.scala:137)[0m[0m
[0m[[0m[0minfo[0m] [0m[0m[31m  ...[0m[0m
[0m[[0m[0minfo[0m] [0m[0m[32mPipedRV t9[0m[0m
[0m[[0m[0minfo[0m] [0m[0m[31m- should pass *** FAILED ***[0m[0m
[0m[[0m[0minfo[0m] [0m[0m[31m  chisel3.internal.ChiselException: Exception thrown when elaborating ChiselGeneratorAnnotation[0m[0m
[0m[[0m[0minfo[0m] [0m[0m[31m  at chisel3.stage.ChiselGeneratorAnnotation.elaborate(ChiselAnnotations.scala:65)[0m[0m
[0m[[0m[0minfo[0m] [0m[0m[31m  at chisel3.stage.phases.Elaborate.$anonfun$transform$1(Elaborate.scala:24)[0m[0m
[0m[[0m[0minfo[0m] [0m[0m[31m  at scala.collection.immutable.List.flatMap(List.scala:366)[0m[0m
[0m[[0m[0minfo[0m] [0m[0m[31m  at chisel3.stage.phases.Elaborate.transform(Elaborate.scala:23)[0m[0m
[0m[[0m[0minfo[0m] [0m[0m[31m  at chisel3.iotesters.setupTreadleBackend$.apply(TreadleBackend.scala:148)[0m[0m
[0m[[0m[0minfo[0m] [0m[0m[31m  at chisel3.iotesters.Driver$.$anonfun$execute$2(Driver.scala:54)[0m[0m
[0m[[0m[0minfo[0m] [0m[0m[31m  at scala.runtime.java8.JFunction0$mcZ$sp.apply(JFunction0$mcZ$sp.java:23)[0m[0m
[0m[[0m[0minfo[0m] [0m[0m[31m  at logger.Logger$.$anonfun$makeScope$2(Logger.scala:166)[0m[0m
[0m[[0m[0minfo[0m] [0m[0m[31m  at scala.util.DynamicVariable.withValue(DynamicVariable.scala:62)[0m[0m
[0m[[0m[0minfo[0m] [0m[0m[31m  at logger.Logger$.makeScope(Logger.scala:164)[0m[0m
[0m[[0m[0minfo[0m] [0m[0m[31m  ...[0m[0m
[0m[[0m[0minfo[0m] [0m[0m[31m  Cause: java.lang.NullPointerException:[0m[0m
[0m[[0m[0minfo[0m] [0m[0m[31m  at cpu.CPU.$anonfun$new$23(CPU.scala:138)[0m[0m
[0m[[0m[0minfo[0m] [0m[0m[31m  at chisel3.Data.$anonfun$$colon$eq$1(Data.scala:524)[0m[0m
[0m[[0m[0minfo[0m] [0m[0m[31m  at scala.runtime.java8.JFunction0$mcV$sp.apply(JFunction0$mcV$sp.java:23)[0m[0m
[0m[[0m[0minfo[0m] [0m[0m[31m  at chisel3.internal.prefix$.apply(prefix.scala:32)[0m[0m
[0m[[0m[0minfo[0m] [0m[0m[31m  at chisel3.Data.$colon$eq(Data.scala:524)[0m[0m
[0m[[0m[0minfo[0m] [0m[0m[31m  at cpu.CPU.$anonfun$new$22(CPU.scala:138)[0m[0m
[0m[[0m[0minfo[0m] [0m[0m[31m  at scala.runtime.java8.JFunction0$mcV$sp.apply(JFunction0$mcV$sp.java:23)[0m[0m
[0m[[0m[0minfo[0m] [0m[0m[31m  at chisel3.WhenContext.<init>(When.scala:80)[0m[0m
[0m[[0m[0minfo[0m] [0m[0m[31m  at chisel3.when$.apply(When.scala:32)[0m[0m
[0m[[0m[0minfo[0m] [0m[0m[31m  at cpu.CPU.$anonfun$new$15(CPU.scala:137)[0m[0m
[0m[[0m[0minfo[0m] [0m[0m[31m  ...[0m[0m
[0m[[0m[0minfo[0m] [0m[0m[32mPipedRV t10[0m[0m
[0m[[0m[0minfo[0m] [0m[0m[31m- should pass *** FAILED ***[0m[0m
[0m[[0m[0minfo[0m] [0m[0m[31m  chisel3.internal.ChiselException: Exception thrown when elaborating ChiselGeneratorAnnotation[0m[0m
[0m[[0m[0minfo[0m] [0m[0m[31m  at chisel3.stage.ChiselGeneratorAnnotation.elaborate(ChiselAnnotations.scala:65)[0m[0m
[0m[[0m[0minfo[0m] [0m[0m[31m  at chisel3.stage.phases.Elaborate.$anonfun$transform$1(Elaborate.scala:24)[0m[0m
[0m[[0m[0minfo[0m] [0m[0m[31m  at scala.collection.immutable.List.flatMap(List.scala:366)[0m[0m
[0m[[0m[0minfo[0m] [0m[0m[31m  at chisel3.stage.phases.Elaborate.transform(Elaborate.scala:23)[0m[0m
[0m[[0m[0minfo[0m] [0m[0m[31m  at chisel3.iotesters.setupTreadleBackend$.apply(TreadleBackend.scala:148)[0m[0m
[0m[[0m[0minfo[0m] [0m[0m[31m  at chisel3.iotesters.Driver$.$anonfun$execute$2(Driver.scala:54)[0m[0m
[0m[[0m[0minfo[0m] [0m[0m[31m  at scala.runtime.java8.JFunction0$mcZ$sp.apply(JFunction0$mcZ$sp.java:23)[0m[0m
[0m[[0m[0minfo[0m] [0m[0m[31m  at logger.Logger$.$anonfun$makeScope$2(Logger.scala:166)[0m[0m
[0m[[0m[0minfo[0m] [0m[0m[31m  at scala.util.DynamicVariable.withValue(DynamicVariable.scala:62)[0m[0m
[0m[[0m[0minfo[0m] [0m[0m[31m  at logger.Logger$.makeScope(Logger.scala:164)[0m[0m
[0m[[0m[0minfo[0m] [0m[0m[31m  ...[0m[0m
[0m[[0m[0minfo[0m] [0m[0m[31m  Cause: java.lang.NullPointerException:[0m[0m
[0m[[0m[0minfo[0m] [0m[0m[31m  at cpu.CPU.$anonfun$new$23(CPU.scala:138)[0m[0m
[0m[[0m[0minfo[0m] [0m[0m[31m  at chisel3.Data.$anonfun$$colon$eq$1(Data.scala:524)[0m[0m
[0m[[0m[0minfo[0m] [0m[0m[31m  at scala.runtime.java8.JFunction0$mcV$sp.apply(JFunction0$mcV$sp.java:23)[0m[0m
[0m[[0m[0minfo[0m] [0m[0m[31m  at chisel3.internal.prefix$.apply(prefix.scala:32)[0m[0m
[0m[[0m[0minfo[0m] [0m[0m[31m  at chisel3.Data.$colon$eq(Data.scala:524)[0m[0m
[0m[[0m[0minfo[0m] [0m[0m[31m  at cpu.CPU.$anonfun$new$22(CPU.scala:138)[0m[0m
[0m[[0m[0minfo[0m] [0m[0m[31m  at scala.runtime.java8.JFunction0$mcV$sp.apply(JFunction0$mcV$sp.java:23)[0m[0m
[0m[[0m[0minfo[0m] [0m[0m[31m  at chisel3.WhenContext.<init>(When.scala:80)[0m[0m
[0m[[0m[0minfo[0m] [0m[0m[31m  at chisel3.when$.apply(When.scala:32)[0m[0m
[0m[[0m[0minfo[0m] [0m[0m[31m  at cpu.CPU.$anonfun$new$15(CPU.scala:137)[0m[0m
[0m[[0m[0minfo[0m] [0m[0m[31m  ...[0m[0m
[0m[[0m[0minfo[0m] [0m[0m[32mPipedRV t11[0m[0m
[0m[[0m[0minfo[0m] [0m[0m[31m- should pass *** FAILED ***[0m[0m
[0m[[0m[0minfo[0m] [0m[0m[31m  chisel3.internal.ChiselException: Exception thrown when elaborating ChiselGeneratorAnnotation[0m[0m
[0m[[0m[0minfo[0m] [0m[0m[31m  at chisel3.stage.ChiselGeneratorAnnotation.elaborate(ChiselAnnotations.scala:65)[0m[0m
[0m[[0m[0minfo[0m] [0m[0m[31m  at chisel3.stage.phases.Elaborate.$anonfun$transform$1(Elaborate.scala:24)[0m[0m
[0m[[0m[0minfo[0m] [0m[0m[31m  at scala.collection.immutable.List.flatMap(List.scala:366)[0m[0m
[0m[[0m[0minfo[0m] [0m[0m[31m  at chisel3.stage.phases.Elaborate.transform(Elaborate.scala:23)[0m[0m
[0m[[0m[0minfo[0m] [0m[0m[31m  at chisel3.iotesters.setupTreadleBackend$.apply(TreadleBackend.scala:148)[0m[0m
[0m[[0m[0minfo[0m] [0m[0m[31m  at chisel3.iotesters.Driver$.$anonfun$execute$2(Driver.scala:54)[0m[0m
[0m[[0m[0minfo[0m] [0m[0m[31m  at scala.runtime.java8.JFunction0$mcZ$sp.apply(JFunction0$mcZ$sp.java:23)[0m[0m
[0m[[0m[0minfo[0m] [0m[0m[31m  at logger.Logger$.$anonfun$makeScope$2(Logger.scala:166)[0m[0m
[0m[[0m[0minfo[0m] [0m[0m[31m  at scala.util.DynamicVariable.withValue(DynamicVariable.scala:62)[0m[0m
[0m[[0m[0minfo[0m] [0m[0m[31m  at logger.Logger$.makeScope(Logger.scala:164)[0m[0m
[0m[[0m[0minfo[0m] [0m[0m[31m  ...[0m[0m
[0m[[0m[0minfo[0m] [0m[0m[31m  Cause: java.lang.NullPointerException:[0m[0m
[0m[[0m[0minfo[0m] [0m[0m[31m  at cpu.CPU.$anonfun$new$23(CPU.scala:138)[0m[0m
[0m[[0m[0minfo[0m] [0m[0m[31m  at chisel3.Data.$anonfun$$colon$eq$1(Data.scala:524)[0m[0m
[0m[[0m[0minfo[0m] [0m[0m[31m  at scala.runtime.java8.JFunction0$mcV$sp.apply(JFunction0$mcV$sp.java:23)[0m[0m
[0m[[0m[0minfo[0m] [0m[0m[31m  at chisel3.internal.prefix$.apply(prefix.scala:32)[0m[0m
[0m[[0m[0minfo[0m] [0m[0m[31m  at chisel3.Data.$colon$eq(Data.scala:524)[0m[0m
[0m[[0m[0minfo[0m] [0m[0m[31m  at cpu.CPU.$anonfun$new$22(CPU.scala:138)[0m[0m
[0m[[0m[0minfo[0m] [0m[0m[31m  at scala.runtime.java8.JFunction0$mcV$sp.apply(JFunction0$mcV$sp.java:23)[0m[0m
[0m[[0m[0minfo[0m] [0m[0m[31m  at chisel3.WhenContext.<init>(When.scala:80)[0m[0m
[0m[[0m[0minfo[0m] [0m[0m[31m  at chisel3.when$.apply(When.scala:32)[0m[0m
[0m[[0m[0minfo[0m] [0m[0m[31m  at cpu.CPU.$anonfun$new$15(CPU.scala:137)[0m[0m
[0m[[0m[0minfo[0m] [0m[0m[31m  ...[0m[0m
[0m[[0m[0minfo[0m] [0m[0m[32mPipedRV t12[0m[0m
[0m[[0m[0minfo[0m] [0m[0m[31m- should pass *** FAILED ***[0m[0m
[0m[[0m[0minfo[0m] [0m[0m[31m  chisel3.internal.ChiselException: Exception thrown when elaborating ChiselGeneratorAnnotation[0m[0m
[0m[[0m[0minfo[0m] [0m[0m[31m  at chisel3.stage.ChiselGeneratorAnnotation.elaborate(ChiselAnnotations.scala:65)[0m[0m
[0m[[0m[0minfo[0m] [0m[0m[31m  at chisel3.stage.phases.Elaborate.$anonfun$transform$1(Elaborate.scala:24)[0m[0m
[0m[[0m[0minfo[0m] [0m[0m[31m  at scala.collection.immutable.List.flatMap(List.scala:366)[0m[0m
[0m[[0m[0minfo[0m] [0m[0m[31m  at chisel3.stage.phases.Elaborate.transform(Elaborate.scala:23)[0m[0m
[0m[[0m[0minfo[0m] [0m[0m[31m  at chisel3.iotesters.setupTreadleBackend$.apply(TreadleBackend.scala:148)[0m[0m
[0m[[0m[0minfo[0m] [0m[0m[31m  at chisel3.iotesters.Driver$.$anonfun$execute$2(Driver.scala:54)[0m[0m
[0m[[0m[0minfo[0m] [0m[0m[31m  at scala.runtime.java8.JFunction0$mcZ$sp.apply(JFunction0$mcZ$sp.java:23)[0m[0m
[0m[[0m[0minfo[0m] [0m[0m[31m  at logger.Logger$.$anonfun$makeScope$2(Logger.scala:166)[0m[0m
[0m[[0m[0minfo[0m] [0m[0m[31m  at scala.util.DynamicVariable.withValue(DynamicVariable.scala:62)[0m[0m
[0m[[0m[0minfo[0m] [0m[0m[31m  at logger.Logger$.makeScope(Logger.scala:164)[0m[0m
[0m[[0m[0minfo[0m] [0m[0m[31m  ...[0m[0m
[0m[[0m[0minfo[0m] [0m[0m[31m  Cause: java.lang.NullPointerException:[0m[0m
[0m[[0m[0minfo[0m] [0m[0m[31m  at cpu.CPU.$anonfun$new$23(CPU.scala:138)[0m[0m
[0m[[0m[0minfo[0m] [0m[0m[31m  at chisel3.Data.$anonfun$$colon$eq$1(Data.scala:524)[0m[0m
[0m[[0m[0minfo[0m] [0m[0m[31m  at scala.runtime.java8.JFunction0$mcV$sp.apply(JFunction0$mcV$sp.java:23)[0m[0m
[0m[[0m[0minfo[0m] [0m[0m[31m  at chisel3.internal.prefix$.apply(prefix.scala:32)[0m[0m
[0m[[0m[0minfo[0m] [0m[0m[31m  at chisel3.Data.$colon$eq(Data.scala:524)[0m[0m
[0m[[0m[0minfo[0m] [0m[0m[31m  at cpu.CPU.$anonfun$new$22(CPU.scala:138)[0m[0m
[0m[[0m[0minfo[0m] [0m[0m[31m  at scala.runtime.java8.JFunction0$mcV$sp.apply(JFunction0$mcV$sp.java:23)[0m[0m
[0m[[0m[0minfo[0m] [0m[0m[31m  at chisel3.WhenContext.<init>(When.scala:80)[0m[0m
[0m[[0m[0minfo[0m] [0m[0m[31m  at chisel3.when$.apply(When.scala:32)[0m[0m
[0m[[0m[0minfo[0m] [0m[0m[31m  at cpu.CPU.$anonfun$new$15(CPU.scala:137)[0m[0m
[0m[[0m[0minfo[0m] [0m[0m[31m  ...[0m[0m
[0m[[0m[0minfo[0m] [0m[0m[32mPipedRV t13[0m[0m
[0m[[0m[0minfo[0m] [0m[0m[31m- should pass *** FAILED ***[0m[0m
[0m[[0m[0minfo[0m] [0m[0m[31m  chisel3.internal.ChiselException: Exception thrown when elaborating ChiselGeneratorAnnotation[0m[0m
[0m[[0m[0minfo[0m] [0m[0m[31m  at chisel3.stage.ChiselGeneratorAnnotation.elaborate(ChiselAnnotations.scala:65)[0m[0m
[0m[[0m[0minfo[0m] [0m[0m[31m  at chisel3.stage.phases.Elaborate.$anonfun$transform$1(Elaborate.scala:24)[0m[0m
[0m[[0m[0minfo[0m] [0m[0m[31m  at scala.collection.immutable.List.flatMap(List.scala:366)[0m[0m
[0m[[0m[0minfo[0m] [0m[0m[31m  at chisel3.stage.phases.Elaborate.transform(Elaborate.scala:23)[0m[0m
[0m[[0m[0minfo[0m] [0m[0m[31m  at chisel3.iotesters.setupTreadleBackend$.apply(TreadleBackend.scala:148)[0m[0m
[0m[[0m[0minfo[0m] [0m[0m[31m  at chisel3.iotesters.Driver$.$anonfun$execute$2(Driver.scala:54)[0m[0m
[0m[[0m[0minfo[0m] [0m[0m[31m  at scala.runtime.java8.JFunction0$mcZ$sp.apply(JFunction0$mcZ$sp.java:23)[0m[0m
[0m[[0m[0minfo[0m] [0m[0m[31m  at logger.Logger$.$anonfun$makeScope$2(Logger.scala:166)[0m[0m
[0m[[0m[0minfo[0m] [0m[0m[31m  at scala.util.DynamicVariable.withValue(DynamicVariable.scala:62)[0m[0m
[0m[[0m[0minfo[0m] [0m[0m[31m  at logger.Logger$.makeScope(Logger.scala:164)[0m[0m
[0m[[0m[0minfo[0m] [0m[0m[31m  ...[0m[0m
[0m[[0m[0minfo[0m] [0m[0m[31m  Cause: java.lang.NullPointerException:[0m[0m
[0m[[0m[0minfo[0m] [0m[0m[31m  at cpu.CPU.$anonfun$new$23(CPU.scala:138)[0m[0m
[0m[[0m[0minfo[0m] [0m[0m[31m  at chisel3.Data.$anonfun$$colon$eq$1(Data.scala:524)[0m[0m
[0m[[0m[0minfo[0m] [0m[0m[31m  at scala.runtime.java8.JFunction0$mcV$sp.apply(JFunction0$mcV$sp.java:23)[0m[0m
[0m[[0m[0minfo[0m] [0m[0m[31m  at chisel3.internal.prefix$.apply(prefix.scala:32)[0m[0m
[0m[[0m[0minfo[0m] [0m[0m[31m  at chisel3.Data.$colon$eq(Data.scala:524)[0m[0m
[0m[[0m[0minfo[0m] [0m[0m[31m  at cpu.CPU.$anonfun$new$22(CPU.scala:138)[0m[0m
[0m[[0m[0minfo[0m] [0m[0m[31m  at scala.runtime.java8.JFunction0$mcV$sp.apply(JFunction0$mcV$sp.java:23)[0m[0m
[0m[[0m[0minfo[0m] [0m[0m[31m  at chisel3.WhenContext.<init>(When.scala:80)[0m[0m
[0m[[0m[0minfo[0m] [0m[0m[31m  at chisel3.when$.apply(When.scala:32)[0m[0m
[0m[[0m[0minfo[0m] [0m[0m[31m  at cpu.CPU.$anonfun$new$15(CPU.scala:137)[0m[0m
[0m[[0m[0minfo[0m] [0m[0m[31m  ...[0m[0m
[0m[[0m[0minfo[0m] [0m[0m[32mPipedRV t15[0m[0m
[0m[[0m[0minfo[0m] [0m[0m[31m- should pass *** FAILED ***[0m[0m
[0m[[0m[0minfo[0m] [0m[0m[31m  chisel3.internal.ChiselException: Exception thrown when elaborating ChiselGeneratorAnnotation[0m[0m
[0m[[0m[0minfo[0m] [0m[0m[31m  at chisel3.stage.ChiselGeneratorAnnotation.elaborate(ChiselAnnotations.scala:65)[0m[0m
[0m[[0m[0minfo[0m] [0m[0m[31m  at chisel3.stage.phases.Elaborate.$anonfun$transform$1(Elaborate.scala:24)[0m[0m
[0m[[0m[0minfo[0m] [0m[0m[31m  at scala.collection.immutable.List.flatMap(List.scala:366)[0m[0m
[0m[[0m[0minfo[0m] [0m[0m[31m  at chisel3.stage.phases.Elaborate.transform(Elaborate.scala:23)[0m[0m
[0m[[0m[0minfo[0m] [0m[0m[31m  at chisel3.iotesters.setupTreadleBackend$.apply(TreadleBackend.scala:148)[0m[0m
[0m[[0m[0minfo[0m] [0m[0m[31m  at chisel3.iotesters.Driver$.$anonfun$execute$2(Driver.scala:54)[0m[0m
[0m[[0m[0minfo[0m] [0m[0m[31m  at scala.runtime.java8.JFunction0$mcZ$sp.apply(JFunction0$mcZ$sp.java:23)[0m[0m
[0m[[0m[0minfo[0m] [0m[0m[31m  at logger.Logger$.$anonfun$makeScope$2(Logger.scala:166)[0m[0m
[0m[[0m[0minfo[0m] [0m[0m[31m  at scala.util.DynamicVariable.withValue(DynamicVariable.scala:62)[0m[0m
[0m[[0m[0minfo[0m] [0m[0m[31m  at logger.Logger$.makeScope(Logger.scala:164)[0m[0m
[0m[[0m[0minfo[0m] [0m[0m[31m  ...[0m[0m
[0m[[0m[0minfo[0m] [0m[0m[31m  Cause: java.lang.NullPointerException:[0m[0m
[0m[[0m[0minfo[0m] [0m[0m[31m  at cpu.CPU.$anonfun$new$23(CPU.scala:138)[0m[0m
[0m[[0m[0minfo[0m] [0m[0m[31m  at chisel3.Data.$anonfun$$colon$eq$1(Data.scala:524)[0m[0m
[0m[[0m[0minfo[0m] [0m[0m[31m  at scala.runtime.java8.JFunction0$mcV$sp.apply(JFunction0$mcV$sp.java:23)[0m[0m
[0m[[0m[0minfo[0m] [0m[0m[31m  at chisel3.internal.prefix$.apply(prefix.scala:32)[0m[0m
[0m[[0m[0minfo[0m] [0m[0m[31m  at chisel3.Data.$colon$eq(Data.scala:524)[0m[0m
[0m[[0m[0minfo[0m] [0m[0m[31m  at cpu.CPU.$anonfun$new$22(CPU.scala:138)[0m[0m
[0m[[0m[0minfo[0m] [0m[0m[31m  at scala.runtime.java8.JFunction0$mcV$sp.apply(JFunction0$mcV$sp.java:23)[0m[0m
[0m[[0m[0minfo[0m] [0m[0m[31m  at chisel3.WhenContext.<init>(When.scala:80)[0m[0m
[0m[[0m[0minfo[0m] [0m[0m[31m  at chisel3.when$.apply(When.scala:32)[0m[0m
[0m[[0m[0minfo[0m] [0m[0m[31m  at cpu.CPU.$anonfun$new$15(CPU.scala:137)[0m[0m
[0m[[0m[0minfo[0m] [0m[0m[31m  ...[0m[0m
[0m[[0m[0minfo[0m] [0m[0mScalaTest[0m
[0m[[0m[0minfo[0m] [0m[0m[36mRun completed in 2 seconds, 319 milliseconds.[0m[0m
[0m[[0m[0minfo[0m] [0m[0m[36mTotal number of tests run: 27[0m[0m
[0m[[0m[0minfo[0m] [0m[0m[36mSuites: completed 1, aborted 0[0m[0m
[0m[[0m[0minfo[0m] [0m[0m[36mTests: succeeded 0, failed 27, canceled 0, ignored 0, pending 0[0m[0m
[0m[[0m[0minfo[0m] [0m[0m[31m*** 27 TESTS FAILED ***[0m[0m
[0m[[0m[31merror[0m] [0m[0mFailed: Total 27, Failed 27, Errors 0, Passed 0[0m
[0m[[0m[31merror[0m] [0m[0mFailed tests:[0m
[0m[[0m[31merror[0m] [0m[0m	PipedRVSpec[0m
[0m[[0m[31merror[0m] [0m[0m(Test / [31mtestOnly[0m) sbt.TestsFailedException: Tests unsuccessful[0m
[0m[[0m[31merror[0m] [0m[0mTotal time: 5 s, completed 03-12-2021 15:22:40[0m
[0m[[0m[0mdebug[0m] [0m[0m> Exec(idea-shell, None, None)[0m
