[0m[[0m[0mdebug[0m] [0m[0m> Exec(testOnly PipedRVSpec, None, None)[0m
[0m[[0m[0mdebug[0m] [0m[0mEvaluating tasks: Test / testOnly[0m
[0m[[0m[0mdebug[0m] [0m[0mRunning task... Cancel: Signal, check cycles: false, forcegc: true[0m
[0m[[0m[0minfo[0m] [0m[0mcompiling 1 Scala source to /Users/farfar/Desktop/PipeRV/target/scala-2.12/classes ...[0m
[0m[[0m[0minfo[0m] [0m[0mdone compiling[0m
[0m[[0m[0minfo[0m] [0m[0m[32mPipedRVSpec:[0m[0m
[0m[[0m[0minfo[0m] [0m[0m[32mPipedRV addlarge[0m[0m
[0m[[0m[0minfo[0m] [0m[0m[32m- should pass[0m[0m
[0m[[0m[0minfo[0m] [0m[0m[32mPipedRV addneg[0m[0m
[0m[[0m[0minfo[0m] [0m[0m[32m- should pass[0m[0m
[0m[[0m[0minfo[0m] [0m[0m[32mPipedRV addpos[0m[0m
[0m[[0m[0minfo[0m] [0m[0m[32m- should pass[0m[0m
[0m[[0m[0minfo[0m] [0m[0m[32mPipedRV bool[0m[0m
[0m[[0m[0minfo[0m] [0m[0m[32m- should pass[0m[0m
[0m[[0m[0minfo[0m] [0m[0m[32mPipedRV set[0m[0m
[0m[[0m[0minfo[0m] [0m[0m[32m- should pass[0m[0m
[0m[[0m[0minfo[0m] [0m[0m[32mPipedRV shift[0m[0m
[0m[[0m[0minfo[0m] [0m[0m[32m- should pass[0m[0m
[0m[[0m[0minfo[0m] [0m[0m[32mPipedRV shift2[0m[0m
[0m[[0m[0minfo[0m] [0m[0m[32m- should pass[0m[0m
[0m[[0m[0minfo[0m] [0m[0m[32mPipedRV branchcnt[0m[0m
[0m[[0m[0minfo[0m] [0m[0m[32m- should pass[0m[0m
[0m[[0m[0minfo[0m] [0m[0m[32mPipedRV branchmany[0m[0m
[0m[[0m[0minfo[0m] [0m[0m[32m- should pass[0m[0m
[0m[[0m[0minfo[0m] [0m[0m[32mPipedRV branchtrap[0m[0m
[0m[[0m[0minfo[0m] [0m[0m[32m- should pass[0m[0m
[0m[[0m[0minfo[0m] [0m[0m[32mPipedRV loop[0m[0m
[0m[[0m[0minfo[0m] [0m[0m[32m- should pass[0m[0m
[0m[[0m[0minfo[0m] [0m[0m[32mPipedRV recursive[0m[0m
[0m[[0m[0minfo[0m] [0m[0m[32m- should pass[0m[0m
[0m[[0m[0minfo[0m] [0m[0m[32mPipedRV width[0m[0m
[0m[[0m[0minfo[0m] [0m[0m[32m- should pass[0m[0m
[0m[[0m[0minfo[0m] [0m[0mScalaTest[0m
[0m[[0m[0minfo[0m] [0m[0m[36mRun completed in 22 seconds, 395 milliseconds.[0m[0m
[0m[[0m[0minfo[0m] [0m[0m[36mTotal number of tests run: 13[0m[0m
[0m[[0m[0minfo[0m] [0m[0m[36mSuites: completed 1, aborted 0[0m[0m
[0m[[0m[0minfo[0m] [0m[0m[36mTests: succeeded 13, failed 0, canceled 0, ignored 0, pending 0[0m[0m
[0m[[0m[0minfo[0m] [0m[0m[32mAll tests passed.[0m[0m
[0m[[0m[0minfo[0m] [0m[0mPassed: Total 13, Failed 0, Errors 0, Passed 13[0m
[0m[[0m[32msuccess[0m] [0m[0mTotal time: 24 s, completed 26-11-2021 17:08:28[0m
[0m[[0m[0mdebug[0m] [0m[0m> Exec(idea-shell, None, None)[0m
